2022-06-07 09:24:17,005 INFO  ApiController:33 - [] Welcome Test Accessed
2022-06-07 09:52:55,652 INFO  ApiController:33 - [] Welcome Test Accessed
2022-06-07 09:52:55,652 INFO  ApiController:33 - [] Welcome Test Accessed
2022-06-07 09:52:55,684 INFO  ApiController:33 - [] Welcome Test Accessed
2022-06-07 09:52:55,784 INFO  ApiController:33 - [] Welcome Test Accessed
2022-06-07 09:52:55,883 INFO  ApiController:33 - [] Welcome Test Accessed
2022-06-07 09:52:55,983 INFO  ApiController:33 - [] Welcome Test Accessed
2022-06-07 09:52:56,082 INFO  ApiController:33 - [] Welcome Test Accessed
2022-06-07 09:52:56,181 INFO  ApiController:33 - [] Welcome Test Accessed
2022-06-07 09:52:56,283 INFO  ApiController:33 - [] Welcome Test Accessed
2022-06-07 09:52:56,382 INFO  ApiController:33 - [] Welcome Test Accessed
2022-06-07 09:52:56,483 INFO  ApiController:33 - [] Welcome Test Accessed
2022-06-07 09:52:56,583 INFO  ApiController:33 - [] Welcome Test Accessed
2022-06-07 09:52:56,679 INFO  ApiController:33 - [] Welcome Test Accessed
2022-06-07 09:52:56,779 INFO  ApiController:33 - [] Welcome Test Accessed
2022-06-07 09:52:56,879 INFO  ApiController:33 - [] Welcome Test Accessed
2022-06-07 09:52:56,980 INFO  ApiController:33 - [] Welcome Test Accessed
2022-06-07 09:52:57,082 INFO  ApiController:33 - [] Welcome Test Accessed
2022-06-07 09:52:57,179 INFO  ApiController:33 - [] Welcome Test Accessed
2022-06-07 09:52:57,279 INFO  ApiController:33 - [] Welcome Test Accessed
2022-06-07 09:52:57,380 INFO  ApiController:33 - [] Welcome Test Accessed
2022-06-07 09:52:57,480 INFO  ApiController:33 - [] Welcome Test Accessed
2022-06-07 09:52:57,579 INFO  ApiController:33 - [] Welcome Test Accessed
2022-06-07 09:52:57,678 INFO  ApiController:33 - [] Welcome Test Accessed
2022-06-07 09:52:57,779 INFO  ApiController:33 - [] Welcome Test Accessed
2022-06-07 09:52:57,878 INFO  ApiController:33 - [] Welcome Test Accessed
2022-06-07 09:52:57,979 INFO  ApiController:33 - [] Welcome Test Accessed
2022-06-07 09:52:58,081 INFO  ApiController:33 - [] Welcome Test Accessed
2022-06-07 09:52:58,181 INFO  ApiController:33 - [] Welcome Test Accessed
2022-06-07 09:52:58,278 INFO  ApiController:33 - [] Welcome Test Accessed
2022-06-07 09:52:58,379 INFO  ApiController:33 - [] Welcome Test Accessed
2022-06-07 09:52:58,480 INFO  ApiController:33 - [] Welcome Test Accessed
2022-06-07 09:52:58,580 INFO  ApiController:33 - [] Welcome Test Accessed
2022-06-07 09:52:58,679 INFO  ApiController:33 - [] Welcome Test Accessed
2022-06-07 09:52:58,781 INFO  ApiController:33 - [] Welcome Test Accessed
2022-06-07 09:52:58,879 INFO  ApiController:33 - [] Welcome Test Accessed
2022-06-07 09:52:58,978 INFO  ApiController:33 - [] Welcome Test Accessed
2022-06-07 09:52:59,079 INFO  ApiController:33 - [] Welcome Test Accessed
2022-06-07 09:52:59,180 INFO  ApiController:33 - [] Welcome Test Accessed
2022-06-07 09:52:59,279 INFO  ApiController:33 - [] Welcome Test Accessed
2022-06-07 09:52:59,380 INFO  ApiController:33 - [] Welcome Test Accessed
2022-06-07 09:52:59,481 INFO  ApiController:33 - [] Welcome Test Accessed
2022-06-07 09:52:59,581 INFO  ApiController:33 - [] Welcome Test Accessed
2022-06-07 09:52:59,681 INFO  ApiController:33 - [] Welcome Test Accessed
2022-06-07 09:52:59,778 INFO  ApiController:33 - [] Welcome Test Accessed
2022-06-07 09:52:59,879 INFO  ApiController:33 - [] Welcome Test Accessed
2022-06-07 09:52:59,979 INFO  ApiController:33 - [] Welcome Test Accessed
2022-06-07 09:53:00,079 INFO  ApiController:33 - [] Welcome Test Accessed
2022-06-07 09:53:00,179 INFO  ApiController:33 - [] Welcome Test Accessed
2022-06-07 09:53:00,279 INFO  ApiController:33 - [] Welcome Test Accessed
2022-06-07 09:53:00,379 INFO  ApiController:33 - [] Welcome Test Accessed
2022-06-07 09:53:00,479 INFO  ApiController:33 - [] Welcome Test Accessed
2022-06-07 09:53:00,580 INFO  ApiController:33 - [] Welcome Test Accessed
2022-06-07 09:53:00,679 INFO  ApiController:33 - [] Welcome Test Accessed
2022-06-07 09:53:00,779 INFO  ApiController:33 - [] Welcome Test Accessed
2022-06-07 09:53:00,880 INFO  ApiController:33 - [] Welcome Test Accessed
2022-06-07 09:53:00,980 INFO  ApiController:33 - [] Welcome Test Accessed
2022-06-07 09:53:01,079 INFO  ApiController:33 - [] Welcome Test Accessed
2022-06-07 09:53:01,178 INFO  ApiController:33 - [] Welcome Test Accessed
2022-06-07 09:53:01,279 INFO  ApiController:33 - [] Welcome Test Accessed
2022-06-07 09:53:01,379 INFO  ApiController:33 - [] Welcome Test Accessed
2022-06-07 09:53:01,479 INFO  ApiController:33 - [] Welcome Test Accessed
2022-06-07 09:53:01,578 INFO  ApiController:33 - [] Welcome Test Accessed
2022-06-07 09:53:01,679 INFO  ApiController:33 - [] Welcome Test Accessed
2022-06-07 09:53:01,779 INFO  ApiController:33 - [] Welcome Test Accessed
2022-06-07 09:53:01,880 INFO  ApiController:33 - [] Welcome Test Accessed
2022-06-07 09:53:01,977 INFO  ApiController:33 - [] Welcome Test Accessed
2022-06-07 09:53:02,079 INFO  ApiController:33 - [] Welcome Test Accessed
2022-06-07 09:53:02,178 INFO  ApiController:33 - [] Welcome Test Accessed
2022-06-07 09:53:02,279 INFO  ApiController:33 - [] Welcome Test Accessed
2022-06-07 09:53:02,378 INFO  ApiController:33 - [] Welcome Test Accessed
2022-06-07 09:53:02,478 INFO  ApiController:33 - [] Welcome Test Accessed
2022-06-07 09:53:02,579 INFO  ApiController:33 - [] Welcome Test Accessed
2022-06-07 09:53:02,678 INFO  ApiController:33 - [] Welcome Test Accessed
2022-06-07 09:53:02,780 INFO  ApiController:33 - [] Welcome Test Accessed
2022-06-07 09:53:02,878 INFO  ApiController:33 - [] Welcome Test Accessed
2022-06-07 09:53:02,979 INFO  ApiController:33 - [] Welcome Test Accessed
2022-06-07 09:53:03,079 INFO  ApiController:33 - [] Welcome Test Accessed
2022-06-07 09:53:03,179 INFO  ApiController:33 - [] Welcome Test Accessed
2022-06-07 09:53:03,279 INFO  ApiController:33 - [] Welcome Test Accessed
2022-06-07 09:53:03,379 INFO  ApiController:33 - [] Welcome Test Accessed
2022-06-07 09:53:03,479 INFO  ApiController:33 - [] Welcome Test Accessed
2022-06-07 09:53:03,590 INFO  ApiController:33 - [] Welcome Test Accessed
2022-06-07 09:53:03,679 INFO  ApiController:33 - [] Welcome Test Accessed
2022-06-07 09:53:03,778 INFO  ApiController:33 - [] Welcome Test Accessed
2022-06-07 09:53:03,879 INFO  ApiController:33 - [] Welcome Test Accessed
2022-06-07 09:53:03,980 INFO  ApiController:33 - [] Welcome Test Accessed
2022-06-07 09:53:04,079 INFO  ApiController:33 - [] Welcome Test Accessed
2022-06-07 09:53:04,178 INFO  ApiController:33 - [] Welcome Test Accessed
2022-06-07 09:53:04,280 INFO  ApiController:33 - [] Welcome Test Accessed
2022-06-07 09:53:04,379 INFO  ApiController:33 - [] Welcome Test Accessed
2022-06-07 09:53:04,480 INFO  ApiController:33 - [] Welcome Test Accessed
2022-06-07 09:53:04,578 INFO  ApiController:33 - [] Welcome Test Accessed
2022-06-07 09:53:04,679 INFO  ApiController:33 - [] Welcome Test Accessed
2022-06-07 09:53:04,780 INFO  ApiController:33 - [] Welcome Test Accessed
2022-06-07 09:53:04,879 INFO  ApiController:33 - [] Welcome Test Accessed
2022-06-07 09:53:04,980 INFO  ApiController:33 - [] Welcome Test Accessed
2022-06-07 09:53:05,078 INFO  ApiController:33 - [] Welcome Test Accessed
2022-06-07 09:53:05,179 INFO  ApiController:33 - [] Welcome Test Accessed
2022-06-07 09:53:05,279 INFO  ApiController:33 - [] Welcome Test Accessed
2022-06-07 09:53:05,378 INFO  ApiController:33 - [] Welcome Test Accessed
2022-06-07 10:13:17,153 WARN  ApiController:148 - [] WARNING: Resulting Permutations List will have a Length of the Factorial of the Number of Elements
2022-06-07 10:13:17,153 WARN  ApiController:148 - [] WARNING: Resulting Permutations List will have a Length of the Factorial of the Number of Elements
2022-06-07 10:13:17,230 WARN  ApiController:148 - [] WARNING: Resulting Permutations List will have a Length of the Factorial of the Number of Elements
2022-06-07 10:13:17,328 WARN  ApiController:148 - [] WARNING: Resulting Permutations List will have a Length of the Factorial of the Number of Elements
2022-06-07 10:13:17,435 WARN  ApiController:148 - [] WARNING: Resulting Permutations List will have a Length of the Factorial of the Number of Elements
2022-06-07 10:13:17,530 WARN  ApiController:148 - [] WARNING: Resulting Permutations List will have a Length of the Factorial of the Number of Elements
2022-06-07 10:13:17,753 WARN  ApiController:148 - [] WARNING: Resulting Permutations List will have a Length of the Factorial of the Number of Elements
2022-06-07 10:13:17,755 WARN  ApiController:148 - [] WARNING: Resulting Permutations List will have a Length of the Factorial of the Number of Elements
2022-06-07 10:13:17,832 WARN  ApiController:148 - [] WARNING: Resulting Permutations List will have a Length of the Factorial of the Number of Elements
2022-06-07 10:13:18,032 WARN  ApiController:148 - [] WARNING: Resulting Permutations List will have a Length of the Factorial of the Number of Elements
2022-06-07 10:13:18,180 WARN  ApiController:148 - [] WARNING: Resulting Permutations List will have a Length of the Factorial of the Number of Elements
2022-06-07 10:13:18,512 WARN  ApiController:148 - [] WARNING: Resulting Permutations List will have a Length of the Factorial of the Number of Elements
2022-06-07 10:13:18,518 WARN  ApiController:148 - [] WARNING: Resulting Permutations List will have a Length of the Factorial of the Number of Elements
2022-06-07 10:13:18,827 WARN  ApiController:148 - [] WARNING: Resulting Permutations List will have a Length of the Factorial of the Number of Elements
2022-06-07 10:13:18,829 WARN  ApiController:148 - [] WARNING: Resulting Permutations List will have a Length of the Factorial of the Number of Elements
2022-06-07 10:13:18,843 WARN  ApiController:148 - [] WARNING: Resulting Permutations List will have a Length of the Factorial of the Number of Elements
2022-06-07 10:13:18,844 WARN  ApiController:148 - [] WARNING: Resulting Permutations List will have a Length of the Factorial of the Number of Elements
2022-06-07 10:13:18,881 WARN  ApiController:148 - [] WARNING: Resulting Permutations List will have a Length of the Factorial of the Number of Elements
2022-06-07 10:13:18,992 WARN  ApiController:148 - [] WARNING: Resulting Permutations List will have a Length of the Factorial of the Number of Elements
2022-06-07 10:13:19,188 WARN  ApiController:148 - [] WARNING: Resulting Permutations List will have a Length of the Factorial of the Number of Elements
2022-06-07 10:13:19,238 WARN  ApiController:148 - [] WARNING: Resulting Permutations List will have a Length of the Factorial of the Number of Elements
2022-06-07 10:13:19,247 WARN  ApiController:148 - [] WARNING: Resulting Permutations List will have a Length of the Factorial of the Number of Elements
2022-06-07 10:13:19,253 WARN  ApiController:148 - [] WARNING: Resulting Permutations List will have a Length of the Factorial of the Number of Elements
2022-06-07 10:13:19,453 WARN  ApiController:148 - [] WARNING: Resulting Permutations List will have a Length of the Factorial of the Number of Elements
2022-06-07 10:13:20,069 WARN  ApiController:148 - [] WARNING: Resulting Permutations List will have a Length of the Factorial of the Number of Elements
2022-06-07 10:13:20,166 WARN  ApiController:148 - [] WARNING: Resulting Permutations List will have a Length of the Factorial of the Number of Elements
2022-06-07 10:13:20,190 WARN  ApiController:148 - [] WARNING: Resulting Permutations List will have a Length of the Factorial of the Number of Elements
2022-06-07 10:13:20,252 WARN  ApiController:148 - [] WARNING: Resulting Permutations List will have a Length of the Factorial of the Number of Elements
2022-06-07 10:13:20,252 WARN  ApiController:148 - [] WARNING: Resulting Permutations List will have a Length of the Factorial of the Number of Elements
2022-06-07 10:13:20,348 WARN  ApiController:148 - [] WARNING: Resulting Permutations List will have a Length of the Factorial of the Number of Elements
2022-06-07 10:13:20,848 WARN  ApiController:148 - [] WARNING: Resulting Permutations List will have a Length of the Factorial of the Number of Elements
2022-06-07 10:13:20,864 WARN  ApiController:148 - [] WARNING: Resulting Permutations List will have a Length of the Factorial of the Number of Elements
2022-06-07 10:13:20,865 WARN  ApiController:148 - [] WARNING: Resulting Permutations List will have a Length of the Factorial of the Number of Elements
2022-06-07 10:13:21,007 WARN  ApiController:148 - [] WARNING: Resulting Permutations List will have a Length of the Factorial of the Number of Elements
2022-06-07 10:13:21,011 WARN  ApiController:148 - [] WARNING: Resulting Permutations List will have a Length of the Factorial of the Number of Elements
2022-06-07 10:13:21,013 WARN  ApiController:148 - [] WARNING: Resulting Permutations List will have a Length of the Factorial of the Number of Elements
2022-06-07 10:13:21,014 WARN  ApiController:148 - [] WARNING: Resulting Permutations List will have a Length of the Factorial of the Number of Elements
2022-06-07 10:13:21,245 WARN  ApiController:148 - [] WARNING: Resulting Permutations List will have a Length of the Factorial of the Number of Elements
2022-06-07 10:13:21,016 WARN  ApiController:148 - [] WARNING: Resulting Permutations List will have a Length of the Factorial of the Number of Elements
2022-06-07 10:13:21,256 WARN  ApiController:148 - [] WARNING: Resulting Permutations List will have a Length of the Factorial of the Number of Elements
2022-06-07 10:13:21,549 WARN  ApiController:148 - [] WARNING: Resulting Permutations List will have a Length of the Factorial of the Number of Elements
2022-06-07 10:13:21,549 WARN  ApiController:148 - [] WARNING: Resulting Permutations List will have a Length of the Factorial of the Number of Elements
2022-06-07 10:13:21,699 WARN  ApiController:148 - [] WARNING: Resulting Permutations List will have a Length of the Factorial of the Number of Elements
2022-06-07 10:13:21,895 WARN  ApiController:148 - [] WARNING: Resulting Permutations List will have a Length of the Factorial of the Number of Elements
2022-06-07 10:13:21,897 WARN  ApiController:148 - [] WARNING: Resulting Permutations List will have a Length of the Factorial of the Number of Elements
2022-06-07 10:13:21,899 WARN  ApiController:148 - [] WARNING: Resulting Permutations List will have a Length of the Factorial of the Number of Elements
2022-06-07 10:13:23,341 WARN  ApiController:148 - [] WARNING: Resulting Permutations List will have a Length of the Factorial of the Number of Elements
2022-06-07 10:13:23,341 WARN  ApiController:148 - [] WARNING: Resulting Permutations List will have a Length of the Factorial of the Number of Elements
2022-06-07 10:13:23,559 WARN  ApiController:148 - [] WARNING: Resulting Permutations List will have a Length of the Factorial of the Number of Elements
2022-06-07 10:13:28,773 WARN  ApiController:148 - [] WARNING: Resulting Permutations List will have a Length of the Factorial of the Number of Elements
2022-06-07 10:13:28,779 WARN  ApiController:148 - [] WARNING: Resulting Permutations List will have a Length of the Factorial of the Number of Elements
2022-06-07 10:13:34,385 WARN  ApiController:148 - [] WARNING: Resulting Permutations List will have a Length of the Factorial of the Number of Elements
2022-06-07 10:13:38,834 WARN  ApiController:148 - [] WARNING: Resulting Permutations List will have a Length of the Factorial of the Number of Elements
2022-06-07 10:13:41,317 WARN  ApiController:148 - [] WARNING: Resulting Permutations List will have a Length of the Factorial of the Number of Elements
2022-06-07 10:13:42,574 WARN  ApiController:148 - [] WARNING: Resulting Permutations List will have a Length of the Factorial of the Number of Elements
2022-06-07 10:13:52,660 WARN  ApiController:148 - [] WARNING: Resulting Permutations List will have a Length of the Factorial of the Number of Elements
2022-06-07 10:14:37,346 WARN  ApiController:148 - [] WARNING: Resulting Permutations List will have a Length of the Factorial of the Number of Elements
2022-06-07 10:15:36,041 WARN  ApiController:148 - [] WARNING: Resulting Permutations List will have a Length of the Factorial of the Number of Elements
2022-06-07 10:15:47,356 WARN  ApiController:148 - [] WARNING: Resulting Permutations List will have a Length of the Factorial of the Number of Elements
2022-06-07 10:15:47,357 WARN  ApiController:148 - [] WARNING: Resulting Permutations List will have a Length of the Factorial of the Number of Elements
2022-06-07 10:15:47,356 WARN  ApiController:148 - [] WARNING: Resulting Permutations List will have a Length of the Factorial of the Number of Elements
2022-06-07 10:14:37,347 WARN  ApiController:148 - [] WARNING: Resulting Permutations List will have a Length of the Factorial of the Number of Elements
2022-06-07 10:15:48,908 WARN  ApiController:148 - [] WARNING: Resulting Permutations List will have a Length of the Factorial of the Number of Elements
2022-06-07 10:15:48,910 WARN  ApiController:148 - [] WARNING: Resulting Permutations List will have a Length of the Factorial of the Number of Elements
2022-06-07 10:15:57,133 WARN  ApiController:148 - [] WARNING: Resulting Permutations List will have a Length of the Factorial of the Number of Elements
2022-06-07 10:15:57,133 WARN  ApiController:148 - [] WARNING: Resulting Permutations List will have a Length of the Factorial of the Number of Elements
2022-06-07 10:15:57,133 WARN  ApiController:148 - [] WARNING: Resulting Permutations List will have a Length of the Factorial of the Number of Elements
2022-06-07 10:15:57,132 WARN  ApiController:148 - [] WARNING: Resulting Permutations List will have a Length of the Factorial of the Number of Elements
2022-06-07 10:15:57,135 WARN  ApiController:148 - [] WARNING: Resulting Permutations List will have a Length of the Factorial of the Number of Elements
2022-06-07 10:16:12,587 WARN  ApiController:148 - [] WARNING: Resulting Permutations List will have a Length of the Factorial of the Number of Elements
2022-06-07 10:16:37,608 WARN  ApiController:148 - [] WARNING: Resulting Permutations List will have a Length of the Factorial of the Number of Elements
2022-06-07 10:16:37,612 WARN  ApiController:148 - [] WARNING: Resulting Permutations List will have a Length of the Factorial of the Number of Elements
2022-06-07 10:19:55,427 WARN  ApiController:148 - [] WARNING: Resulting Permutations List will have a Length of the Factorial of the Number of Elements
2022-06-07 10:19:54,160 WARN  ApiController:148 - [] WARNING: Resulting Permutations List will have a Length of the Factorial of the Number of Elements
2022-06-07 10:19:55,429 WARN  ApiController:148 - [] WARNING: Resulting Permutations List will have a Length of the Factorial of the Number of Elements
2022-06-07 10:20:00,415 WARN  ApiController:148 - [] WARNING: Resulting Permutations List will have a Length of the Factorial of the Number of Elements
2022-06-07 10:16:37,613 WARN  ApiController:148 - [] WARNING: Resulting Permutations List will have a Length of the Factorial of the Number of Elements
2022-06-07 10:19:54,161 WARN  ApiController:148 - [] WARNING: Resulting Permutations List will have a Length of the Factorial of the Number of Elements
2022-06-07 10:19:55,427 WARN  ApiController:148 - [] WARNING: Resulting Permutations List will have a Length of the Factorial of the Number of Elements
2022-06-07 10:20:50,930 WARN  ApiController:148 - [] WARNING: Resulting Permutations List will have a Length of the Factorial of the Number of Elements
2022-06-07 10:20:50,930 WARN  ApiController:148 - [] WARNING: Resulting Permutations List will have a Length of the Factorial of the Number of Elements
2022-06-07 10:23:32,614 WARN  ApiController:148 - [] WARNING: Resulting Permutations List will have a Length of the Factorial of the Number of Elements
2022-06-07 10:23:04,446 WARN  ApiController:148 - [] WARNING: Resulting Permutations List will have a Length of the Factorial of the Number of Elements
2022-06-07 10:23:38,088 WARN  ApiController:148 - [] WARNING: Resulting Permutations List will have a Length of the Factorial of the Number of Elements
2022-06-07 10:23:38,088 WARN  ApiController:148 - [] WARNING: Resulting Permutations List will have a Length of the Factorial of the Number of Elements
2022-06-07 10:23:38,089 WARN  ApiController:148 - [] WARNING: Resulting Permutations List will have a Length of the Factorial of the Number of Elements
2022-06-07 10:23:38,090 WARN  ApiController:148 - [] WARNING: Resulting Permutations List will have a Length of the Factorial of the Number of Elements
2022-06-07 10:23:38,089 WARN  ApiController:148 - [] WARNING: Resulting Permutations List will have a Length of the Factorial of the Number of Elements
2022-06-07 10:23:38,092 WARN  ApiController:148 - [] WARNING: Resulting Permutations List will have a Length of the Factorial of the Number of Elements
2022-06-07 10:23:38,091 WARN  ApiController:148 - [] WARNING: Resulting Permutations List will have a Length of the Factorial of the Number of Elements
2022-06-07 10:23:38,092 WARN  ApiController:148 - [] WARNING: Resulting Permutations List will have a Length of the Factorial of the Number of Elements
2022-06-07 10:23:38,091 WARN  ApiController:148 - [] WARNING: Resulting Permutations List will have a Length of the Factorial of the Number of Elements
2022-06-07 10:23:38,092 WARN  ApiController:148 - [] WARNING: Resulting Permutations List will have a Length of the Factorial of the Number of Elements
2022-06-07 10:23:38,090 WARN  ApiController:148 - [] WARNING: Resulting Permutations List will have a Length of the Factorial of the Number of Elements
2022-06-07 10:23:38,089 WARN  ApiController:148 - [] WARNING: Resulting Permutations List will have a Length of the Factorial of the Number of Elements
2022-06-07 10:23:38,023 WARN  ApiController:148 - [] WARNING: Resulting Permutations List will have a Length of the Factorial of the Number of Elements
2022-06-07 10:23:38,110 WARN  ApiController:148 - [] WARNING: Resulting Permutations List will have a Length of the Factorial of the Number of Elements
2022-06-07 10:23:38,110 WARN  ApiController:148 - [] WARNING: Resulting Permutations List will have a Length of the Factorial of the Number of Elements
2022-06-07 10:23:38,120 WARN  ApiController:148 - [] WARNING: Resulting Permutations List will have a Length of the Factorial of the Number of Elements
2022-06-07 10:23:38,117 WARN  ApiController:148 - [] WARNING: Resulting Permutations List will have a Length of the Factorial of the Number of Elements
2022-06-07 10:23:38,112 WARN  ApiController:148 - [] WARNING: Resulting Permutations List will have a Length of the Factorial of the Number of Elements
2022-06-07 10:23:38,113 WARN  ApiController:148 - [] WARNING: Resulting Permutations List will have a Length of the Factorial of the Number of Elements
2022-06-07 10:23:38,117 WARN  ApiController:148 - [] WARNING: Resulting Permutations List will have a Length of the Factorial of the Number of Elements
2022-06-07 10:23:38,117 WARN  ApiController:148 - [] WARNING: Resulting Permutations List will have a Length of the Factorial of the Number of Elements
2022-06-07 10:23:38,120 WARN  ApiController:148 - [] WARNING: Resulting Permutations List will have a Length of the Factorial of the Number of Elements
2022-06-07 10:23:38,122 WARN  ApiController:148 - [] WARNING: Resulting Permutations List will have a Length of the Factorial of the Number of Elements
2022-06-07 10:23:38,120 WARN  ApiController:148 - [] WARNING: Resulting Permutations List will have a Length of the Factorial of the Number of Elements
2022-06-07 10:23:39,505 WARN  ApiController:148 - [] WARNING: Resulting Permutations List will have a Length of the Factorial of the Number of Elements
2022-06-07 10:23:40,828 WARN  ApiController:148 - [] WARNING: Resulting Permutations List will have a Length of the Factorial of the Number of Elements
2022-06-07 10:23:38,122 WARN  ApiController:148 - [] WARNING: Resulting Permutations List will have a Length of the Factorial of the Number of Elements
2022-06-07 10:24:04,570 WARN  ApiController:148 - [] WARNING: Resulting Permutations List will have a Length of the Factorial of the Number of Elements
2022-06-07 10:24:24,789 WARN  ApiController:148 - [] WARNING: Resulting Permutations List will have a Length of the Factorial of the Number of Elements
2022-06-07 10:24:26,009 WARN  ApiController:148 - [] WARNING: Resulting Permutations List will have a Length of the Factorial of the Number of Elements
2022-06-07 10:24:30,731 WARN  ApiController:148 - [] WARNING: Resulting Permutations List will have a Length of the Factorial of the Number of Elements
2022-06-07 10:24:42,580 WARN  ApiController:148 - [] WARNING: Resulting Permutations List will have a Length of the Factorial of the Number of Elements
2022-06-07 10:24:42,580 WARN  ApiController:148 - [] WARNING: Resulting Permutations List will have a Length of the Factorial of the Number of Elements
2022-06-07 10:24:42,580 WARN  ApiController:148 - [] WARNING: Resulting Permutations List will have a Length of the Factorial of the Number of Elements
2022-06-07 10:24:45,113 WARN  ApiController:148 - [] WARNING: Resulting Permutations List will have a Length of the Factorial of the Number of Elements
2022-06-07 10:24:45,112 WARN  ApiController:148 - [] WARNING: Resulting Permutations List will have a Length of the Factorial of the Number of Elements
2022-06-07 10:24:46,449 WARN  ApiController:148 - [] WARNING: Resulting Permutations List will have a Length of the Factorial of the Number of Elements
2022-06-07 10:24:51,346 WARN  ApiController:148 - [] WARNING: Resulting Permutations List will have a Length of the Factorial of the Number of Elements
2022-06-07 10:24:51,346 WARN  ApiController:148 - [] WARNING: Resulting Permutations List will have a Length of the Factorial of the Number of Elements
2022-06-07 10:24:59,529 WARN  ApiController:148 - [] WARNING: Resulting Permutations List will have a Length of the Factorial of the Number of Elements
2022-06-07 10:24:41,370 WARN  ApiController:148 - [] WARNING: Resulting Permutations List will have a Length of the Factorial of the Number of Elements
2022-06-07 10:24:59,539 WARN  ApiController:148 - [] WARNING: Resulting Permutations List will have a Length of the Factorial of the Number of Elements
2022-06-07 10:24:59,540 WARN  ApiController:148 - [] WARNING: Resulting Permutations List will have a Length of the Factorial of the Number of Elements
2022-06-07 10:24:59,539 WARN  ApiController:148 - [] WARNING: Resulting Permutations List will have a Length of the Factorial of the Number of Elements
2022-06-07 10:24:59,539 WARN  ApiController:148 - [] WARNING: Resulting Permutations List will have a Length of the Factorial of the Number of Elements
2022-06-07 10:25:01,960 WARN  ApiController:148 - [] WARNING: Resulting Permutations List will have a Length of the Factorial of the Number of Elements
2022-06-07 10:24:52,533 WARN  ApiController:148 - [] WARNING: Resulting Permutations List will have a Length of the Factorial of the Number of Elements
2022-06-07 10:24:39,081 WARN  ApiController:148 - [] WARNING: Resulting Permutations List will have a Length of the Factorial of the Number of Elements
2022-06-07 10:25:04,419 WARN  ApiController:148 - [] WARNING: Resulting Permutations List will have a Length of the Factorial of the Number of Elements
2022-06-07 10:25:12,843 WARN  ApiController:148 - [] WARNING: Resulting Permutations List will have a Length of the Factorial of the Number of Elements
2022-06-07 10:25:12,843 WARN  ApiController:148 - [] WARNING: Resulting Permutations List will have a Length of the Factorial of the Number of Elements
2022-06-07 10:24:59,530 WARN  ApiController:148 - [] WARNING: Resulting Permutations List will have a Length of the Factorial of the Number of Elements
2022-06-07 10:24:59,530 WARN  ApiController:148 - [] WARNING: Resulting Permutations List will have a Length of the Factorial of the Number of Elements
2022-06-07 10:25:24,056 WARN  ApiController:148 - [] WARNING: Resulting Permutations List will have a Length of the Factorial of the Number of Elements
2022-06-07 10:24:59,539 WARN  ApiController:148 - [] WARNING: Resulting Permutations List will have a Length of the Factorial of the Number of Elements
2022-06-07 10:25:47,594 WARN  ApiController:148 - [] WARNING: Resulting Permutations List will have a Length of the Factorial of the Number of Elements
2022-06-07 10:24:59,529 WARN  ApiController:148 - [] WARNING: Resulting Permutations List will have a Length of the Factorial of the Number of Elements
2022-06-07 10:25:59,164 WARN  ApiController:148 - [] WARNING: Resulting Permutations List will have a Length of the Factorial of the Number of Elements
2022-06-07 10:25:59,162 WARN  ApiController:148 - [] WARNING: Resulting Permutations List will have a Length of the Factorial of the Number of Elements
2022-06-07 10:25:59,162 WARN  ApiController:148 - [] WARNING: Resulting Permutations List will have a Length of the Factorial of the Number of Elements
2022-06-07 10:25:59,162 WARN  ApiController:148 - [] WARNING: Resulting Permutations List will have a Length of the Factorial of the Number of Elements
2022-06-07 10:25:59,163 WARN  ApiController:148 - [] WARNING: Resulting Permutations List will have a Length of the Factorial of the Number of Elements
2022-06-07 10:25:59,166 WARN  ApiController:148 - [] WARNING: Resulting Permutations List will have a Length of the Factorial of the Number of Elements
2022-06-07 10:26:00,486 WARN  ApiController:148 - [] WARNING: Resulting Permutations List will have a Length of the Factorial of the Number of Elements
2022-06-07 10:24:59,529 WARN  ApiController:148 - [] WARNING: Resulting Permutations List will have a Length of the Factorial of the Number of Elements
2022-06-07 10:26:01,651 WARN  ApiController:148 - [] WARNING: Resulting Permutations List will have a Length of the Factorial of the Number of Elements
2022-06-07 10:25:12,843 WARN  ApiController:148 - [] WARNING: Resulting Permutations List will have a Length of the Factorial of the Number of Elements
2022-06-07 10:26:11,217 WARN  ApiController:148 - [] WARNING: Resulting Permutations List will have a Length of the Factorial of the Number of Elements
2022-06-07 10:26:05,272 WARN  ApiController:148 - [] WARNING: Resulting Permutations List will have a Length of the Factorial of the Number of Elements
2022-06-07 10:26:21,799 WARN  ApiController:148 - [] WARNING: Resulting Permutations List will have a Length of the Factorial of the Number of Elements
2022-06-07 10:26:29,165 WARN  ApiController:148 - [] WARNING: Resulting Permutations List will have a Length of the Factorial of the Number of Elements
2022-06-07 10:26:35,074 WARN  ApiController:148 - [] WARNING: Resulting Permutations List will have a Length of the Factorial of the Number of Elements
2022-06-07 10:26:52,431 WARN  ApiController:148 - [] WARNING: Resulting Permutations List will have a Length of the Factorial of the Number of Elements
2022-06-07 10:27:20,983 WARN  ApiController:148 - [] WARNING: Resulting Permutations List will have a Length of the Factorial of the Number of Elements
2022-06-07 10:27:26,828 WARN  ApiController:148 - [] WARNING: Resulting Permutations List will have a Length of the Factorial of the Number of Elements
2022-06-07 10:27:37,022 WARN  ApiController:148 - [] WARNING: Resulting Permutations List will have a Length of the Factorial of the Number of Elements
2022-06-07 10:27:37,021 WARN  ApiController:148 - [] WARNING: Resulting Permutations List will have a Length of the Factorial of the Number of Elements
2022-06-07 10:29:26,114 WARN  ApiController:148 - [] WARNING: Resulting Permutations List will have a Length of the Factorial of the Number of Elements
2022-06-07 10:28:37,032 WARN  ApiController:148 - [] WARNING: Resulting Permutations List will have a Length of the Factorial of the Number of Elements
2022-06-07 10:29:40,861 WARN  ApiController:148 - [] WARNING: Resulting Permutations List will have a Length of the Factorial of the Number of Elements
2022-06-07 10:29:56,333 WARN  ApiController:148 - [] WARNING: Resulting Permutations List will have a Length of the Factorial of the Number of Elements
2022-06-07 10:30:02,808 WARN  ApiController:148 - [] WARNING: Resulting Permutations List will have a Length of the Factorial of the Number of Elements
2022-06-07 10:30:03,973 WARN  ApiController:148 - [] WARNING: Resulting Permutations List will have a Length of the Factorial of the Number of Elements
2022-06-07 10:30:03,973 WARN  ApiController:148 - [] WARNING: Resulting Permutations List will have a Length of the Factorial of the Number of Elements
2022-06-07 10:30:07,804 WARN  ApiController:148 - [] WARNING: Resulting Permutations List will have a Length of the Factorial of the Number of Elements
2022-06-07 10:30:07,804 WARN  ApiController:148 - [] WARNING: Resulting Permutations List will have a Length of the Factorial of the Number of Elements
2022-06-07 11:08:29,383 INFO  ApiController:46 - [] Search query: testing
2022-06-07 11:08:29,388 INFO  ApiController:50 - [] [{"ticket_id":15,"title":"Testing"}]
2022-06-07 11:08:29,388 INFO  ApiController:54 - [] {"Results":[{"ticket_id":15,"title":"Testing"}]}
2022-06-07 11:10:03,697 INFO  ApiController:46 - [] Search query: tes
2022-06-07 11:10:03,697 INFO  ApiController:50 - [] [{"ticket_id":15,"title":"Testing"}]
2022-06-07 11:10:03,697 INFO  ApiController:54 - [] {"Results":[{"ticket_id":15,"title":"Testing"}]}
2022-06-07 11:10:03,815 INFO  ApiController:46 - [] Search query: tes
2022-06-07 11:10:03,815 INFO  ApiController:50 - [] [{"ticket_id":15,"title":"Testing"}]
2022-06-07 11:10:03,816 INFO  ApiController:54 - [] {"Results":[{"ticket_id":15,"title":"Testing"}]}
2022-06-07 11:10:03,885 INFO  ApiController:46 - [] Search query: test
2022-06-07 11:10:03,885 INFO  ApiController:50 - [] [{"ticket_id":15,"title":"Testing"}]
2022-06-07 11:10:03,885 INFO  ApiController:54 - [] {"Results":[{"ticket_id":15,"title":"Testing"}]}
2022-06-07 11:10:03,998 INFO  ApiController:46 - [] Search query: test
2022-06-07 11:10:03,998 INFO  ApiController:50 - [] [{"ticket_id":15,"title":"Testing"}]
2022-06-07 11:10:03,998 INFO  ApiController:54 - [] {"Results":[{"ticket_id":15,"title":"Testing"}]}
2022-06-07 11:10:04,503 WARN  ApiController:63 - [] Connecting to Database at port 5432
2022-06-07 11:10:04,558 INFO  ApiController:68 - [] {"subject":"wadawdaw","date_solved":false,"ticket_id":15,"title":"Testing"}
2022-06-07 11:12:25,938 INFO  ApiController:46 - [] Search query: tes
2022-06-07 11:12:25,938 INFO  ApiController:50 - [] [{"ticket_id":15,"title":"Testing"}]
2022-06-07 11:12:25,938 INFO  ApiController:54 - [] {"Results":[{"ticket_id":15,"title":"Testing"}]}
2022-06-07 11:12:26,111 INFO  ApiController:46 - [] Search query: test
2022-06-07 11:12:26,111 INFO  ApiController:50 - [] [{"ticket_id":15,"title":"Testing"}]
2022-06-07 11:12:26,111 INFO  ApiController:54 - [] {"Results":[{"ticket_id":15,"title":"Testing"}]}
2022-06-07 11:12:26,111 INFO  ApiController:46 - [] Search query: test
2022-06-07 11:12:26,111 INFO  ApiController:50 - [] [{"ticket_id":15,"title":"Testing"}]
2022-06-07 11:12:26,111 INFO  ApiController:54 - [] {"Results":[{"ticket_id":15,"title":"Testing"}]}
2022-06-07 11:12:26,236 INFO  ApiController:46 - [] Search query: test
2022-06-07 11:12:26,236 INFO  ApiController:50 - [] [{"ticket_id":15,"title":"Testing"}]
2022-06-07 11:12:26,236 INFO  ApiController:54 - [] {"Results":[{"ticket_id":15,"title":"Testing"}]}
2022-06-07 11:12:27,463 WARN  ApiController:63 - [] Connecting to Database at port 5432
2022-06-07 11:12:27,501 INFO  ApiController:68 - [] {"subject":"wadawdaw","date_solved":false,"ticket_id":15,"title":"Testing"}
2022-06-07 11:41:06,727 INFO  ApiController:46 - [] Search query: tes
2022-06-07 11:41:06,728 INFO  ApiController:50 - [] [{"ticket_id":15,"title":"Testing"}]
2022-06-07 11:41:06,728 INFO  ApiController:54 - [] {"Results":[{"ticket_id":15,"title":"Testing"}]}
2022-06-07 11:41:06,918 INFO  ApiController:46 - [] Search query: test
2022-06-07 11:41:06,918 INFO  ApiController:50 - [] [{"ticket_id":15,"title":"Testing"}]
2022-06-07 11:41:06,919 INFO  ApiController:54 - [] {"Results":[{"ticket_id":15,"title":"Testing"}]}
2022-06-07 11:41:06,921 INFO  ApiController:46 - [] Search query: test
2022-06-07 11:41:06,922 INFO  ApiController:50 - [] [{"ticket_id":15,"title":"Testing"}]
2022-06-07 11:41:06,922 INFO  ApiController:54 - [] {"Results":[{"ticket_id":15,"title":"Testing"}]}
2022-06-07 11:41:07,034 INFO  ApiController:46 - [] Search query: test
2022-06-07 11:41:07,034 INFO  ApiController:50 - [] [{"ticket_id":15,"title":"Testing"}]
2022-06-07 11:41:07,034 INFO  ApiController:54 - [] {"Results":[{"ticket_id":15,"title":"Testing"}]}
2022-06-07 11:41:07,607 WARN  ApiController:63 - [] Connecting to Database at port 5432
2022-06-07 11:41:07,652 INFO  ApiController:68 - [] {"subject":"wadawdaw","date_solved":false,"ticket_id":15,"title":"Testing"}
2022-06-07 11:49:16,028 INFO  ApiController:46 - [] Search query: tes
2022-06-07 11:49:16,029 INFO  ApiController:50 - [] [{"ticket_id":15,"title":"Testing"}]
2022-06-07 11:49:16,029 INFO  ApiController:54 - [] {"Results":[{"ticket_id":15,"title":"Testing"}]}
2022-06-07 11:49:16,243 INFO  ApiController:46 - [] Search query: test
2022-06-07 11:49:16,243 INFO  ApiController:50 - [] [{"ticket_id":15,"title":"Testing"}]
2022-06-07 11:49:16,243 INFO  ApiController:54 - [] {"Results":[{"ticket_id":15,"title":"Testing"}]}
2022-06-07 11:49:16,247 INFO  ApiController:46 - [] Search query: test
2022-06-07 11:49:16,248 INFO  ApiController:50 - [] [{"ticket_id":15,"title":"Testing"}]
2022-06-07 11:49:16,248 INFO  ApiController:54 - [] {"Results":[{"ticket_id":15,"title":"Testing"}]}
2022-06-07 11:49:16,382 INFO  ApiController:46 - [] Search query: test
2022-06-07 11:49:16,382 INFO  ApiController:50 - [] [{"ticket_id":15,"title":"Testing"}]
2022-06-07 11:49:16,383 INFO  ApiController:54 - [] {"Results":[{"ticket_id":15,"title":"Testing"}]}
2022-06-07 11:49:17,029 WARN  ApiController:63 - [] Connecting to Database at port 5432
2022-06-07 11:49:17,076 INFO  ApiController:68 - [] {"subject":"wadawdaw","date_solved":false,"ticket_id":15,"title":"Testing"}
2022-06-07 11:52:58,825 INFO  ApiController:46 - [] Search query: tes
2022-06-07 11:52:58,826 INFO  ApiController:50 - [] [{"ticket_id":15,"title":"Testing"}]
2022-06-07 11:52:58,826 INFO  ApiController:54 - [] {"Results":[{"ticket_id":15,"title":"Testing"}]}
2022-06-07 11:52:59,063 INFO  ApiController:46 - [] Search query: test
2022-06-07 11:52:59,063 INFO  ApiController:50 - [] [{"ticket_id":15,"title":"Testing"}]
2022-06-07 11:52:59,063 INFO  ApiController:54 - [] {"Results":[{"ticket_id":15,"title":"Testing"}]}
2022-06-07 11:52:59,067 INFO  ApiController:46 - [] Search query: test
2022-06-07 11:52:59,067 INFO  ApiController:50 - [] [{"ticket_id":15,"title":"Testing"}]
2022-06-07 11:52:59,067 INFO  ApiController:54 - [] {"Results":[{"ticket_id":15,"title":"Testing"}]}
2022-06-07 11:52:59,243 INFO  ApiController:46 - [] Search query: test
2022-06-07 11:52:59,243 INFO  ApiController:50 - [] [{"ticket_id":15,"title":"Testing"}]
2022-06-07 11:52:59,243 INFO  ApiController:54 - [] {"Results":[{"ticket_id":15,"title":"Testing"}]}
2022-06-07 11:53:00,365 WARN  ApiController:63 - [] Connecting to Database at port 5432
2022-06-07 11:53:00,413 INFO  ApiController:68 - [] {"subject":"wadawdaw","date_solved":false,"ticket_id":15,"title":"Testing"}
2022-06-07 13:09:49,902 INFO  ApiController:46 - [] Search query: tes
2022-06-07 13:09:49,902 INFO  ApiController:50 - [] [{"ticket_id":15,"title":"Testing"}]
2022-06-07 13:09:49,902 INFO  ApiController:54 - [] {"Results":[{"ticket_id":15,"title":"Testing"}]}
2022-06-07 13:09:50,087 INFO  ApiController:46 - [] Search query: test
2022-06-07 13:09:50,088 INFO  ApiController:50 - [] [{"ticket_id":15,"title":"Testing"}]
2022-06-07 13:09:50,088 INFO  ApiController:54 - [] {"Results":[{"ticket_id":15,"title":"Testing"}]}
2022-06-07 13:09:50,097 INFO  ApiController:46 - [] Search query: test
2022-06-07 13:09:50,098 INFO  ApiController:50 - [] [{"ticket_id":15,"title":"Testing"}]
2022-06-07 13:09:50,098 INFO  ApiController:54 - [] {"Results":[{"ticket_id":15,"title":"Testing"}]}
2022-06-07 13:09:50,218 INFO  ApiController:46 - [] Search query: test
2022-06-07 13:09:50,218 INFO  ApiController:50 - [] [{"ticket_id":15,"title":"Testing"}]
2022-06-07 13:09:50,219 INFO  ApiController:54 - [] {"Results":[{"ticket_id":15,"title":"Testing"}]}
2022-06-07 13:09:50,957 WARN  ApiController:63 - [] Connecting to Database at port 5432
2022-06-07 13:09:51,015 INFO  ApiController:68 - [] {"subject":"wadawdaw","date_solved":false,"ticket_id":15,"title":"Testing"}
2022-06-07 13:16:40,167 WARN  ApiController:148 - [] WARNING: Resulting Permutations List will have a Length of the Factorial of the Number of Elements
2022-06-07 13:17:05,459 WARN  ApiController:148 - [] WARNING: Resulting Permutations List will have a Length of the Factorial of the Number of Elements
2022-06-07 13:26:43,336 INFO  ApiController:46 - [] Search query: TES
2022-06-07 13:26:43,336 INFO  ApiController:50 - [] [{"ticket_id":15,"title":"Testing"}]
2022-06-07 13:26:43,336 INFO  ApiController:54 - [] {"Results":[{"ticket_id":15,"title":"Testing"}]}
2022-06-07 13:26:43,460 INFO  ApiController:46 - [] Search query: TEST
2022-06-07 13:26:43,460 INFO  ApiController:50 - [] [{"ticket_id":15,"title":"Testing"}]
2022-06-07 13:26:43,460 INFO  ApiController:54 - [] {"Results":[{"ticket_id":15,"title":"Testing"}]}
2022-06-07 13:26:43,469 INFO  ApiController:46 - [] Search query: TEST
2022-06-07 13:26:43,470 INFO  ApiController:50 - [] [{"ticket_id":15,"title":"Testing"}]
2022-06-07 13:26:43,470 INFO  ApiController:54 - [] {"Results":[{"ticket_id":15,"title":"Testing"}]}
2022-06-07 13:26:43,596 INFO  ApiController:46 - [] Search query: TEST
2022-06-07 13:26:43,597 INFO  ApiController:50 - [] [{"ticket_id":15,"title":"Testing"}]
2022-06-07 13:26:43,597 INFO  ApiController:54 - [] {"Results":[{"ticket_id":15,"title":"Testing"}]}
2022-06-07 13:26:44,523 WARN  ApiController:63 - [] Connecting to Database at port 5432
2022-06-07 13:26:44,567 INFO  ApiController:68 - [] {"subject":"wadawdaw","date_solved":false,"ticket_id":15,"title":"Testing"}
2022-06-07 13:27:24,027 WARN  ApiController:148 - [] WARNING: Resulting Permutations List will have a Length of the Factorial of the Number of Elements
2022-06-07 16:42:48,284 WARN  ApiController:148 - [] WARNING: Resulting Permutations List will have a Length of the Factorial of the Number of Elements
2022-06-07 16:44:20,480 INFO  ApiController:46 - [] Search query: tes
2022-06-07 16:44:20,483 INFO  ApiController:50 - [] [{"ticket_id":15,"title":"Testing"}]
2022-06-07 16:44:20,483 INFO  ApiController:54 - [] {"Results":[{"ticket_id":15,"title":"Testing"}]}
2022-06-07 16:44:20,534 INFO  ApiController:46 - [] Search query: test
2022-06-07 16:44:20,534 INFO  ApiController:50 - [] [{"ticket_id":15,"title":"Testing"}]
2022-06-07 16:44:20,534 INFO  ApiController:54 - [] {"Results":[{"ticket_id":15,"title":"Testing"}]}
2022-06-07 16:44:20,543 INFO  ApiController:46 - [] Search query: test
2022-06-07 16:44:20,543 INFO  ApiController:50 - [] [{"ticket_id":15,"title":"Testing"}]
2022-06-07 16:44:20,543 INFO  ApiController:54 - [] {"Results":[{"ticket_id":15,"title":"Testing"}]}
2022-06-07 16:44:20,753 INFO  ApiController:46 - [] Search query: test
2022-06-07 16:44:20,753 INFO  ApiController:50 - [] [{"ticket_id":15,"title":"Testing"}]
2022-06-07 16:44:20,754 INFO  ApiController:54 - [] {"Results":[{"ticket_id":15,"title":"Testing"}]}
2022-06-07 16:44:21,412 WARN  ApiController:63 - [] Connecting to Database at port 5432
2022-06-07 16:44:21,459 INFO  ApiController:68 - [] {"subject":"wadawdaw","date_solved":false,"ticket_id":15,"title":"Testing"}
