2022-06-10 08:08:58,191 INFO  StartupInfoLogger:55 - [] Starting ShedApplication using Java 18.0.1.1 on PQA-0638LT with PID 35092 (C:\Users\WilliamMazerolle\Documents\GitHub\shed\toolshed-services\build\classes\java\main started by WilliamMazerolle in C:\Users\WilliamMazerolle\Documents\GitHub\shed\toolshed-services)
2022-06-10 08:08:58,196 INFO  SpringApplication:634 - [] No active profile set, falling back to 1 default profile: "default"
2022-06-10 08:08:58,252 INFO  DeferredLog:255 - [] Devtools property defaults active! Set 'spring.devtools.add-properties' to 'false' to disable
2022-06-10 08:08:58,252 INFO  DeferredLog:255 - [] For additional web related logging consider setting the 'logging.level.web' property to 'DEBUG'
2022-06-10 08:08:59,627 INFO  TomcatWebServer:108 - [] Tomcat initialized with port(s): 3001 (http)
2022-06-10 08:08:59,636 INFO  DirectJDKLog:173 - [] Initializing ProtocolHandler ["http-nio-3001"]
2022-06-10 08:08:59,636 INFO  DirectJDKLog:173 - [] Starting service [Tomcat]
2022-06-10 08:08:59,636 INFO  DirectJDKLog:173 - [] Starting Servlet engine: [Apache Tomcat/9.0.63]
2022-06-10 08:08:59,735 INFO  DirectJDKLog:173 - [] Initializing Spring embedded WebApplicationContext
2022-06-10 08:08:59,735 INFO  ServletWebServerApplicationContext:292 - [] Root WebApplicationContext: initialization completed in 1481 ms
2022-06-10 08:09:00,589 WARN  UserDetailsServiceAutoConfiguration:88 - [] 

Using generated security password: 18f315fc-51d0-493e-ae2f-6423e734ac08

This generated password is for development use only. Your security configuration must be updated before running your application in production.

2022-06-10 08:09:00,713 INFO  DefaultSecurityFilterChain:55 - [] Will secure any request with [org.springframework.security.web.session.DisableEncodeUrlFilter@6f22afb7, org.springframework.security.web.context.request.async.WebAsyncManagerIntegrationFilter@5b18392c, org.springframework.security.web.context.SecurityContextPersistenceFilter@77abd3b8, org.springframework.security.web.header.HeaderWriterFilter@59be9ea, org.springframework.web.filter.CorsFilter@30437194, org.springframework.security.web.authentication.logout.LogoutFilter@4d788539, org.springframework.security.web.savedrequest.RequestCacheAwareFilter@1de02bb9, org.springframework.security.web.servletapi.SecurityContextHolderAwareRequestFilter@27a2b1be, org.springframework.security.web.authentication.AnonymousAuthenticationFilter@37250c5e, org.springframework.security.web.session.SessionManagementFilter@3147d942, org.springframework.security.web.access.ExceptionTranslationFilter@74eda65d, org.springframework.security.web.access.intercept.FilterSecurityInterceptor@232187d1]
2022-06-10 08:09:00,910 INFO  OptionalLiveReloadServer:58 - [] LiveReload server is running on port 35729
2022-06-10 08:09:01,231 INFO  SLF4JLogger:71 - [] Cluster created with settings {hosts=[localhost:27017], mode=SINGLE, requiredClusterType=UNKNOWN, serverSelectionTimeout='30000 ms', maxWaitQueueSize=500}
2022-06-10 08:09:01,272 INFO  SLF4JLogger:76 - [] Exception in monitor thread while connecting to server localhost:27017
com.mongodb.MongoSocketOpenException: Exception opening socket
	at com.mongodb.internal.connection.SocketStream.open(SocketStream.java:70)
	at com.mongodb.internal.connection.InternalStreamConnection.open(InternalStreamConnection.java:128)
	at com.mongodb.internal.connection.DefaultServerMonitor$ServerMonitorRunnable.run(DefaultServerMonitor.java:117)
	at java.base/java.lang.Thread.run(Thread.java:833)
Caused by: java.net.ConnectException: Connection refused: no further information
	at java.base/sun.nio.ch.Net.pollConnect(Native Method)
	at java.base/sun.nio.ch.Net.pollConnectNow(Net.java:672)
	at java.base/sun.nio.ch.NioSocketImpl.timedFinishConnect(NioSocketImpl.java:539)
	at java.base/sun.nio.ch.NioSocketImpl.connect(NioSocketImpl.java:594)
	at java.base/java.net.SocksSocketImpl.connect(SocksSocketImpl.java:327)
	at java.base/java.net.Socket.connect(Socket.java:633)
	at com.mongodb.internal.connection.SocketStreamHelper.initialize(SocketStreamHelper.java:64)
	at com.mongodb.internal.connection.SocketStream.initializeSocket(SocketStream.java:79)
	at com.mongodb.internal.connection.SocketStream.open(SocketStream.java:65)
	... 3 common frames omitted
2022-06-10 08:09:01,332 INFO  DirectJDKLog:173 - [] Starting ProtocolHandler ["http-nio-3001"]
2022-06-10 08:09:01,350 INFO  TomcatWebServer:220 - [] Tomcat started on port(s): 3001 (http) with context path ''
2022-06-10 08:09:01,682 INFO  StartupInfoLogger:61 - [] Started ShedApplication in 3.906 seconds (JVM running for 4.577)
2022-06-10 08:09:02,348 INFO  DirectJDKLog:173 - [] Initializing Spring DispatcherServlet 'dispatcherServlet'
2022-06-10 08:09:02,348 INFO  FrameworkServlet:525 - [] Initializing Servlet 'dispatcherServlet'
2022-06-10 08:09:02,350 INFO  FrameworkServlet:547 - [] Completed initialization in 2 ms
2022-06-10 08:09:02,825 ERROR DirectJDKLog:175 - [] Servlet.service() for servlet [dispatcherServlet] in context with path [] threw exception [Request processing failed; nested exception is java.lang.NullPointerException: Cannot invoke "org.apache.poi.ss.usermodel.Cell.getRichStringCellValue()" because the return value of "org.apache.poi.ss.usermodel.Row.getCell(int)" is null] with root cause
java.lang.NullPointerException: Cannot invoke "org.apache.poi.ss.usermodel.Cell.getRichStringCellValue()" because the return value of "org.apache.poi.ss.usermodel.Row.getCell(int)" is null
	at com.pqashed.shed.FlowDiagramParser.setPathsToEndPoints(FlowDiagramParser.java:73)
	at com.pqashed.shed.FlowDiagramParser.<init>(FlowDiagramParser.java:49)
	at com.pqashed.shed.ApiController.testExcelParse(ApiController.java:188)
	at java.base/jdk.internal.reflect.DirectMethodHandleAccessor.invoke(DirectMethodHandleAccessor.java:104)
	at java.base/java.lang.reflect.Method.invoke(Method.java:577)
	at org.springframework.web.method.support.InvocableHandlerMethod.doInvoke(InvocableHandlerMethod.java:205)
	at org.springframework.web.method.support.InvocableHandlerMethod.invokeForRequest(InvocableHandlerMethod.java:150)
	at org.springframework.web.servlet.mvc.method.annotation.ServletInvocableHandlerMethod.invokeAndHandle(ServletInvocableHandlerMethod.java:117)
	at org.springframework.web.servlet.mvc.method.annotation.RequestMappingHandlerAdapter.invokeHandlerMethod(RequestMappingHandlerAdapter.java:895)
	at org.springframework.web.servlet.mvc.method.annotation.RequestMappingHandlerAdapter.handleInternal(RequestMappingHandlerAdapter.java:808)
	at org.springframework.web.servlet.mvc.method.AbstractHandlerMethodAdapter.handle(AbstractHandlerMethodAdapter.java:87)
	at org.springframework.web.servlet.DispatcherServlet.doDispatch(DispatcherServlet.java:1067)
	at org.springframework.web.servlet.DispatcherServlet.doService(DispatcherServlet.java:963)
	at org.springframework.web.servlet.FrameworkServlet.processRequest(FrameworkServlet.java:1006)
	at org.springframework.web.servlet.FrameworkServlet.doGet(FrameworkServlet.java:898)
	at javax.servlet.http.HttpServlet.service(HttpServlet.java:655)
	at org.springframework.web.servlet.FrameworkServlet.service(FrameworkServlet.java:883)
	at javax.servlet.http.HttpServlet.service(HttpServlet.java:764)
	at org.apache.catalina.core.ApplicationFilterChain.internalDoFilter(ApplicationFilterChain.java:227)
	at org.apache.catalina.core.ApplicationFilterChain.doFilter(ApplicationFilterChain.java:162)
	at org.apache.tomcat.websocket.server.WsFilter.doFilter(WsFilter.java:53)
	at org.apache.catalina.core.ApplicationFilterChain.internalDoFilter(ApplicationFilterChain.java:189)
	at org.apache.catalina.core.ApplicationFilterChain.doFilter(ApplicationFilterChain.java:162)
	at org.springframework.security.web.FilterChainProxy$VirtualFilterChain.doFilter(FilterChainProxy.java:327)
	at org.springframework.security.web.access.intercept.FilterSecurityInterceptor.invoke(FilterSecurityInterceptor.java:115)
	at org.springframework.security.web.access.intercept.FilterSecurityInterceptor.doFilter(FilterSecurityInterceptor.java:81)
	at org.springframework.security.web.FilterChainProxy$VirtualFilterChain.doFilter(FilterChainProxy.java:336)
	at org.springframework.security.web.access.ExceptionTranslationFilter.doFilter(ExceptionTranslationFilter.java:122)
	at org.springframework.security.web.access.ExceptionTranslationFilter.doFilter(ExceptionTranslationFilter.java:116)
	at org.springframework.security.web.FilterChainProxy$VirtualFilterChain.doFilter(FilterChainProxy.java:336)
	at org.springframework.security.web.session.SessionManagementFilter.doFilter(SessionManagementFilter.java:126)
	at org.springframework.security.web.session.SessionManagementFilter.doFilter(SessionManagementFilter.java:81)
	at org.springframework.security.web.FilterChainProxy$VirtualFilterChain.doFilter(FilterChainProxy.java:336)
	at org.springframework.security.web.authentication.AnonymousAuthenticationFilter.doFilter(AnonymousAuthenticationFilter.java:109)
	at org.springframework.security.web.FilterChainProxy$VirtualFilterChain.doFilter(FilterChainProxy.java:336)
	at org.springframework.security.web.servletapi.SecurityContextHolderAwareRequestFilter.doFilter(SecurityContextHolderAwareRequestFilter.java:149)
	at org.springframework.security.web.FilterChainProxy$VirtualFilterChain.doFilter(FilterChainProxy.java:336)
	at org.springframework.security.web.savedrequest.RequestCacheAwareFilter.doFilter(RequestCacheAwareFilter.java:63)
	at org.springframework.security.web.FilterChainProxy$VirtualFilterChain.doFilter(FilterChainProxy.java:336)
	at org.springframework.security.web.authentication.logout.LogoutFilter.doFilter(LogoutFilter.java:103)
	at org.springframework.security.web.authentication.logout.LogoutFilter.doFilter(LogoutFilter.java:89)
	at org.springframework.security.web.FilterChainProxy$VirtualFilterChain.doFilter(FilterChainProxy.java:336)
	at org.springframework.web.filter.CorsFilter.doFilterInternal(CorsFilter.java:91)
	at org.springframework.web.filter.OncePerRequestFilter.doFilter(OncePerRequestFilter.java:117)
	at org.springframework.security.web.FilterChainProxy$VirtualFilterChain.doFilter(FilterChainProxy.java:336)
	at org.springframework.security.web.header.HeaderWriterFilter.doHeadersAfter(HeaderWriterFilter.java:90)
	at org.springframework.security.web.header.HeaderWriterFilter.doFilterInternal(HeaderWriterFilter.java:75)
	at org.springframework.web.filter.OncePerRequestFilter.doFilter(OncePerRequestFilter.java:117)
	at org.springframework.security.web.FilterChainProxy$VirtualFilterChain.doFilter(FilterChainProxy.java:336)
	at org.springframework.security.web.context.SecurityContextPersistenceFilter.doFilter(SecurityContextPersistenceFilter.java:112)
	at org.springframework.security.web.context.SecurityContextPersistenceFilter.doFilter(SecurityContextPersistenceFilter.java:82)
	at org.springframework.security.web.FilterChainProxy$VirtualFilterChain.doFilter(FilterChainProxy.java:336)
	at org.springframework.security.web.context.request.async.WebAsyncManagerIntegrationFilter.doFilterInternal(WebAsyncManagerIntegrationFilter.java:55)
	at org.springframework.web.filter.OncePerRequestFilter.doFilter(OncePerRequestFilter.java:117)
	at org.springframework.security.web.FilterChainProxy$VirtualFilterChain.doFilter(FilterChainProxy.java:336)
	at org.springframework.security.web.session.DisableEncodeUrlFilter.doFilterInternal(DisableEncodeUrlFilter.java:42)
	at org.springframework.web.filter.OncePerRequestFilter.doFilter(OncePerRequestFilter.java:117)
	at org.springframework.security.web.FilterChainProxy$VirtualFilterChain.doFilter(FilterChainProxy.java:336)
	at org.springframework.security.web.FilterChainProxy.doFilterInternal(FilterChainProxy.java:211)
	at org.springframework.security.web.FilterChainProxy.doFilter(FilterChainProxy.java:183)
	at org.springframework.web.filter.DelegatingFilterProxy.invokeDelegate(DelegatingFilterProxy.java:354)
	at org.springframework.web.filter.DelegatingFilterProxy.doFilter(DelegatingFilterProxy.java:267)
	at org.apache.catalina.core.ApplicationFilterChain.internalDoFilter(ApplicationFilterChain.java:189)
	at org.apache.catalina.core.ApplicationFilterChain.doFilter(ApplicationFilterChain.java:162)
	at org.springframework.web.filter.RequestContextFilter.doFilterInternal(RequestContextFilter.java:100)
	at org.springframework.web.filter.OncePerRequestFilter.doFilter(OncePerRequestFilter.java:117)
	at org.apache.catalina.core.ApplicationFilterChain.internalDoFilter(ApplicationFilterChain.java:189)
	at org.apache.catalina.core.ApplicationFilterChain.doFilter(ApplicationFilterChain.java:162)
	at org.springframework.web.filter.FormContentFilter.doFilterInternal(FormContentFilter.java:93)
	at org.springframework.web.filter.OncePerRequestFilter.doFilter(OncePerRequestFilter.java:117)
	at org.apache.catalina.core.ApplicationFilterChain.internalDoFilter(ApplicationFilterChain.java:189)
	at org.apache.catalina.core.ApplicationFilterChain.doFilter(ApplicationFilterChain.java:162)
	at org.springframework.web.filter.CharacterEncodingFilter.doFilterInternal(CharacterEncodingFilter.java:201)
	at org.springframework.web.filter.OncePerRequestFilter.doFilter(OncePerRequestFilter.java:117)
	at org.apache.catalina.core.ApplicationFilterChain.internalDoFilter(ApplicationFilterChain.java:189)
	at org.apache.catalina.core.ApplicationFilterChain.doFilter(ApplicationFilterChain.java:162)
	at org.apache.catalina.core.StandardWrapperValve.invoke(StandardWrapperValve.java:197)
	at org.apache.catalina.core.StandardContextValve.invoke(StandardContextValve.java:97)
	at org.apache.catalina.authenticator.AuthenticatorBase.invoke(AuthenticatorBase.java:541)
	at org.apache.catalina.core.StandardHostValve.invoke(StandardHostValve.java:135)
	at org.apache.catalina.valves.ErrorReportValve.invoke(ErrorReportValve.java:92)
	at org.apache.catalina.core.StandardEngineValve.invoke(StandardEngineValve.java:78)
	at org.apache.catalina.connector.CoyoteAdapter.service(CoyoteAdapter.java:360)
	at org.apache.coyote.http11.Http11Processor.service(Http11Processor.java:399)
	at org.apache.coyote.AbstractProcessorLight.process(AbstractProcessorLight.java:65)
	at org.apache.coyote.AbstractProtocol$ConnectionHandler.process(AbstractProtocol.java:890)
	at org.apache.tomcat.util.net.NioEndpoint$SocketProcessor.doRun(NioEndpoint.java:1743)
	at org.apache.tomcat.util.net.SocketProcessorBase.run(SocketProcessorBase.java:49)
	at org.apache.tomcat.util.threads.ThreadPoolExecutor.runWorker(ThreadPoolExecutor.java:1191)
	at org.apache.tomcat.util.threads.ThreadPoolExecutor$Worker.run(ThreadPoolExecutor.java:659)
	at org.apache.tomcat.util.threads.TaskThread$WrappingRunnable.run(TaskThread.java:61)
	at java.base/java.lang.Thread.run(Thread.java:833)
2022-06-10 08:13:00,167 INFO  StartupInfoLogger:55 - [] Starting ShedApplication using Java 18.0.1.1 on PQA-0638LT with PID 46532 (C:\Users\WilliamMazerolle\Documents\GitHub\shed\toolshed-services\build\classes\java\main started by WilliamMazerolle in C:\Users\WilliamMazerolle\Documents\GitHub\shed\toolshed-services)
2022-06-10 08:13:00,167 INFO  SpringApplication:634 - [] No active profile set, falling back to 1 default profile: "default"
2022-06-10 08:13:00,224 INFO  DeferredLog:255 - [] Devtools property defaults active! Set 'spring.devtools.add-properties' to 'false' to disable
2022-06-10 08:13:00,224 INFO  DeferredLog:255 - [] For additional web related logging consider setting the 'logging.level.web' property to 'DEBUG'
2022-06-10 08:13:01,539 INFO  TomcatWebServer:108 - [] Tomcat initialized with port(s): 3001 (http)
2022-06-10 08:13:01,550 INFO  DirectJDKLog:173 - [] Initializing ProtocolHandler ["http-nio-3001"]
2022-06-10 08:13:01,550 INFO  DirectJDKLog:173 - [] Starting service [Tomcat]
2022-06-10 08:13:01,550 INFO  DirectJDKLog:173 - [] Starting Servlet engine: [Apache Tomcat/9.0.63]
2022-06-10 08:13:01,648 INFO  DirectJDKLog:173 - [] Initializing Spring embedded WebApplicationContext
2022-06-10 08:13:01,648 INFO  ServletWebServerApplicationContext:292 - [] Root WebApplicationContext: initialization completed in 1424 ms
2022-06-10 08:13:02,547 WARN  UserDetailsServiceAutoConfiguration:88 - [] 

Using generated security password: 2ea00e43-613b-4c0e-904d-fa6b0347d55a

This generated password is for development use only. Your security configuration must be updated before running your application in production.

2022-06-10 08:13:02,676 INFO  DefaultSecurityFilterChain:55 - [] Will secure any request with [org.springframework.security.web.session.DisableEncodeUrlFilter@6f22afb7, org.springframework.security.web.context.request.async.WebAsyncManagerIntegrationFilter@5b18392c, org.springframework.security.web.context.SecurityContextPersistenceFilter@77abd3b8, org.springframework.security.web.header.HeaderWriterFilter@59be9ea, org.springframework.web.filter.CorsFilter@30437194, org.springframework.security.web.authentication.logout.LogoutFilter@4d788539, org.springframework.security.web.savedrequest.RequestCacheAwareFilter@1de02bb9, org.springframework.security.web.servletapi.SecurityContextHolderAwareRequestFilter@27a2b1be, org.springframework.security.web.authentication.AnonymousAuthenticationFilter@37250c5e, org.springframework.security.web.session.SessionManagementFilter@3147d942, org.springframework.security.web.access.ExceptionTranslationFilter@74eda65d, org.springframework.security.web.access.intercept.FilterSecurityInterceptor@232187d1]
2022-06-10 08:13:02,883 INFO  OptionalLiveReloadServer:58 - [] LiveReload server is running on port 35729
2022-06-10 08:13:03,228 INFO  SLF4JLogger:71 - [] Cluster created with settings {hosts=[localhost:27017], mode=SINGLE, requiredClusterType=UNKNOWN, serverSelectionTimeout='30000 ms', maxWaitQueueSize=500}
2022-06-10 08:13:03,269 INFO  SLF4JLogger:76 - [] Exception in monitor thread while connecting to server localhost:27017
com.mongodb.MongoSocketOpenException: Exception opening socket
	at com.mongodb.internal.connection.SocketStream.open(SocketStream.java:70)
	at com.mongodb.internal.connection.InternalStreamConnection.open(InternalStreamConnection.java:128)
	at com.mongodb.internal.connection.DefaultServerMonitor$ServerMonitorRunnable.run(DefaultServerMonitor.java:117)
	at java.base/java.lang.Thread.run(Thread.java:833)
Caused by: java.net.ConnectException: Connection refused: no further information
	at java.base/sun.nio.ch.Net.pollConnect(Native Method)
	at java.base/sun.nio.ch.Net.pollConnectNow(Net.java:672)
	at java.base/sun.nio.ch.NioSocketImpl.timedFinishConnect(NioSocketImpl.java:539)
	at java.base/sun.nio.ch.NioSocketImpl.connect(NioSocketImpl.java:594)
	at java.base/java.net.SocksSocketImpl.connect(SocksSocketImpl.java:327)
	at java.base/java.net.Socket.connect(Socket.java:633)
	at com.mongodb.internal.connection.SocketStreamHelper.initialize(SocketStreamHelper.java:64)
	at com.mongodb.internal.connection.SocketStream.initializeSocket(SocketStream.java:79)
	at com.mongodb.internal.connection.SocketStream.open(SocketStream.java:65)
	... 3 common frames omitted
2022-06-10 08:13:03,350 INFO  DirectJDKLog:173 - [] Starting ProtocolHandler ["http-nio-3001"]
2022-06-10 08:13:03,365 INFO  TomcatWebServer:220 - [] Tomcat started on port(s): 3001 (http) with context path ''
2022-06-10 08:13:03,714 INFO  StartupInfoLogger:61 - [] Started ShedApplication in 3.849 seconds (JVM running for 4.356)
2022-06-10 08:13:23,436 INFO  DirectJDKLog:173 - [] Initializing Spring DispatcherServlet 'dispatcherServlet'
2022-06-10 08:13:23,437 INFO  FrameworkServlet:525 - [] Initializing Servlet 'dispatcherServlet'
2022-06-10 08:13:23,440 INFO  FrameworkServlet:547 - [] Completed initialization in 3 ms
2022-06-10 08:14:23,932 INFO  StartupInfoLogger:55 - [] Starting ShedApplication using Java 18.0.1.1 on PQA-0638LT with PID 30212 (C:\Users\WilliamMazerolle\Documents\GitHub\shed\toolshed-services\build\classes\java\main started by WilliamMazerolle in C:\Users\WilliamMazerolle\Documents\GitHub\shed\toolshed-services)
2022-06-10 08:14:23,932 INFO  SpringApplication:634 - [] No active profile set, falling back to 1 default profile: "default"
2022-06-10 08:14:23,978 INFO  DeferredLog:255 - [] Devtools property defaults active! Set 'spring.devtools.add-properties' to 'false' to disable
2022-06-10 08:14:23,978 INFO  DeferredLog:255 - [] For additional web related logging consider setting the 'logging.level.web' property to 'DEBUG'
2022-06-10 08:14:25,287 INFO  TomcatWebServer:108 - [] Tomcat initialized with port(s): 3001 (http)
2022-06-10 08:14:25,303 INFO  DirectJDKLog:173 - [] Initializing ProtocolHandler ["http-nio-3001"]
2022-06-10 08:14:25,303 INFO  DirectJDKLog:173 - [] Starting service [Tomcat]
2022-06-10 08:14:25,303 INFO  DirectJDKLog:173 - [] Starting Servlet engine: [Apache Tomcat/9.0.63]
2022-06-10 08:14:25,398 INFO  DirectJDKLog:173 - [] Initializing Spring embedded WebApplicationContext
2022-06-10 08:14:25,398 INFO  ServletWebServerApplicationContext:292 - [] Root WebApplicationContext: initialization completed in 1420 ms
2022-06-10 08:14:26,287 WARN  UserDetailsServiceAutoConfiguration:88 - [] 

Using generated security password: 4221ce81-3bea-49e8-9819-ea22a63ed71d

This generated password is for development use only. Your security configuration must be updated before running your application in production.

2022-06-10 08:14:26,407 INFO  DefaultSecurityFilterChain:55 - [] Will secure any request with [org.springframework.security.web.session.DisableEncodeUrlFilter@7558999, org.springframework.security.web.context.request.async.WebAsyncManagerIntegrationFilter@22558d20, org.springframework.security.web.context.SecurityContextPersistenceFilter@3524847e, org.springframework.security.web.header.HeaderWriterFilter@68a9e92f, org.springframework.web.filter.CorsFilter@4ad07895, org.springframework.security.web.authentication.logout.LogoutFilter@5c97804f, org.springframework.security.web.savedrequest.RequestCacheAwareFilter@778af845, org.springframework.security.web.servletapi.SecurityContextHolderAwareRequestFilter@131c8111, org.springframework.security.web.authentication.AnonymousAuthenticationFilter@6f5ea140, org.springframework.security.web.session.SessionManagementFilter@28f82dcf, org.springframework.security.web.access.ExceptionTranslationFilter@340b0cd8, org.springframework.security.web.access.intercept.FilterSecurityInterceptor@2d069d3e]
2022-06-10 08:14:26,599 INFO  OptionalLiveReloadServer:58 - [] LiveReload server is running on port 35729
2022-06-10 08:14:26,935 INFO  SLF4JLogger:71 - [] Cluster created with settings {hosts=[localhost:27017], mode=SINGLE, requiredClusterType=UNKNOWN, serverSelectionTimeout='30000 ms', maxWaitQueueSize=500}
2022-06-10 08:14:26,964 INFO  SLF4JLogger:76 - [] Exception in monitor thread while connecting to server localhost:27017
com.mongodb.MongoSocketOpenException: Exception opening socket
	at com.mongodb.internal.connection.SocketStream.open(SocketStream.java:70)
	at com.mongodb.internal.connection.InternalStreamConnection.open(InternalStreamConnection.java:128)
	at com.mongodb.internal.connection.DefaultServerMonitor$ServerMonitorRunnable.run(DefaultServerMonitor.java:117)
	at java.base/java.lang.Thread.run(Thread.java:833)
Caused by: java.net.ConnectException: Connection refused: no further information
	at java.base/sun.nio.ch.Net.pollConnect(Native Method)
	at java.base/sun.nio.ch.Net.pollConnectNow(Net.java:672)
	at java.base/sun.nio.ch.NioSocketImpl.timedFinishConnect(NioSocketImpl.java:539)
	at java.base/sun.nio.ch.NioSocketImpl.connect(NioSocketImpl.java:594)
	at java.base/java.net.SocksSocketImpl.connect(SocksSocketImpl.java:327)
	at java.base/java.net.Socket.connect(Socket.java:633)
	at com.mongodb.internal.connection.SocketStreamHelper.initialize(SocketStreamHelper.java:64)
	at com.mongodb.internal.connection.SocketStream.initializeSocket(SocketStream.java:79)
	at com.mongodb.internal.connection.SocketStream.open(SocketStream.java:65)
	... 3 common frames omitted
2022-06-10 08:14:27,035 INFO  DirectJDKLog:173 - [] Starting ProtocolHandler ["http-nio-3001"]
2022-06-10 08:14:27,054 INFO  TomcatWebServer:220 - [] Tomcat started on port(s): 3001 (http) with context path ''
2022-06-10 08:14:27,391 INFO  StartupInfoLogger:61 - [] Started ShedApplication in 3.743 seconds (JVM running for 4.257)
2022-06-10 08:14:36,926 INFO  DirectJDKLog:173 - [] Initializing Spring DispatcherServlet 'dispatcherServlet'
2022-06-10 08:14:36,927 INFO  FrameworkServlet:525 - [] Initializing Servlet 'dispatcherServlet'
2022-06-10 08:14:36,928 INFO  FrameworkServlet:547 - [] Completed initialization in 1 ms
2022-06-10 08:18:36,278 INFO  StartupInfoLogger:55 - [] Starting ShedApplication using Java 18.0.1.1 on PQA-0638LT with PID 20408 (C:\Users\WilliamMazerolle\Documents\GitHub\shed\toolshed-services\build\classes\java\main started by WilliamMazerolle in C:\Users\WilliamMazerolle\Documents\GitHub\shed\toolshed-services)
2022-06-10 08:18:36,281 INFO  SpringApplication:634 - [] No active profile set, falling back to 1 default profile: "default"
2022-06-10 08:18:36,324 INFO  DeferredLog:255 - [] Devtools property defaults active! Set 'spring.devtools.add-properties' to 'false' to disable
2022-06-10 08:18:36,325 INFO  DeferredLog:255 - [] For additional web related logging consider setting the 'logging.level.web' property to 'DEBUG'
2022-06-10 08:18:37,724 INFO  TomcatWebServer:108 - [] Tomcat initialized with port(s): 3001 (http)
2022-06-10 08:18:37,734 INFO  DirectJDKLog:173 - [] Initializing ProtocolHandler ["http-nio-3001"]
2022-06-10 08:18:37,734 INFO  DirectJDKLog:173 - [] Starting service [Tomcat]
2022-06-10 08:18:37,734 INFO  DirectJDKLog:173 - [] Starting Servlet engine: [Apache Tomcat/9.0.63]
2022-06-10 08:18:37,835 INFO  DirectJDKLog:173 - [] Initializing Spring embedded WebApplicationContext
2022-06-10 08:18:37,835 INFO  ServletWebServerApplicationContext:292 - [] Root WebApplicationContext: initialization completed in 1510 ms
2022-06-10 08:18:38,716 WARN  UserDetailsServiceAutoConfiguration:88 - [] 

Using generated security password: c4539d46-6e8c-428a-adca-d9694f17e54f

This generated password is for development use only. Your security configuration must be updated before running your application in production.

2022-06-10 08:18:38,832 INFO  DefaultSecurityFilterChain:55 - [] Will secure any request with [org.springframework.security.web.session.DisableEncodeUrlFilter@6f22afb7, org.springframework.security.web.context.request.async.WebAsyncManagerIntegrationFilter@5b18392c, org.springframework.security.web.context.SecurityContextPersistenceFilter@77abd3b8, org.springframework.security.web.header.HeaderWriterFilter@59be9ea, org.springframework.web.filter.CorsFilter@30437194, org.springframework.security.web.authentication.logout.LogoutFilter@4d788539, org.springframework.security.web.savedrequest.RequestCacheAwareFilter@1de02bb9, org.springframework.security.web.servletapi.SecurityContextHolderAwareRequestFilter@27a2b1be, org.springframework.security.web.authentication.AnonymousAuthenticationFilter@37250c5e, org.springframework.security.web.session.SessionManagementFilter@3147d942, org.springframework.security.web.access.ExceptionTranslationFilter@74eda65d, org.springframework.security.web.access.intercept.FilterSecurityInterceptor@232187d1]
2022-06-10 08:18:39,018 INFO  OptionalLiveReloadServer:58 - [] LiveReload server is running on port 35729
2022-06-10 08:18:39,346 INFO  SLF4JLogger:71 - [] Cluster created with settings {hosts=[localhost:27017], mode=SINGLE, requiredClusterType=UNKNOWN, serverSelectionTimeout='30000 ms', maxWaitQueueSize=500}
2022-06-10 08:18:39,391 INFO  SLF4JLogger:76 - [] Exception in monitor thread while connecting to server localhost:27017
com.mongodb.MongoSocketOpenException: Exception opening socket
	at com.mongodb.internal.connection.SocketStream.open(SocketStream.java:70)
	at com.mongodb.internal.connection.InternalStreamConnection.open(InternalStreamConnection.java:128)
	at com.mongodb.internal.connection.DefaultServerMonitor$ServerMonitorRunnable.run(DefaultServerMonitor.java:117)
	at java.base/java.lang.Thread.run(Thread.java:833)
Caused by: java.net.ConnectException: Connection refused: no further information
	at java.base/sun.nio.ch.Net.pollConnect(Native Method)
	at java.base/sun.nio.ch.Net.pollConnectNow(Net.java:672)
	at java.base/sun.nio.ch.NioSocketImpl.timedFinishConnect(NioSocketImpl.java:539)
	at java.base/sun.nio.ch.NioSocketImpl.connect(NioSocketImpl.java:594)
	at java.base/java.net.SocksSocketImpl.connect(SocksSocketImpl.java:327)
	at java.base/java.net.Socket.connect(Socket.java:633)
	at com.mongodb.internal.connection.SocketStreamHelper.initialize(SocketStreamHelper.java:64)
	at com.mongodb.internal.connection.SocketStream.initializeSocket(SocketStream.java:79)
	at com.mongodb.internal.connection.SocketStream.open(SocketStream.java:65)
	... 3 common frames omitted
2022-06-10 08:18:39,468 INFO  DirectJDKLog:173 - [] Starting ProtocolHandler ["http-nio-3001"]
2022-06-10 08:18:39,489 INFO  TomcatWebServer:220 - [] Tomcat started on port(s): 3001 (http) with context path ''
2022-06-10 08:18:39,845 INFO  StartupInfoLogger:61 - [] Started ShedApplication in 3.881 seconds (JVM running for 4.412)
2022-06-10 08:18:57,599 INFO  DirectJDKLog:173 - [] Initializing Spring DispatcherServlet 'dispatcherServlet'
2022-06-10 08:18:57,599 INFO  FrameworkServlet:525 - [] Initializing Servlet 'dispatcherServlet'
2022-06-10 08:18:57,601 INFO  FrameworkServlet:547 - [] Completed initialization in 2 ms
2022-06-10 08:19:35,536 INFO  StartupInfoLogger:55 - [] Starting ShedApplication using Java 18.0.1.1 on PQA-0638LT with PID 48524 (C:\Users\WilliamMazerolle\Documents\GitHub\shed\toolshed-services\build\classes\java\main started by WilliamMazerolle in C:\Users\WilliamMazerolle\Documents\GitHub\shed\toolshed-services)
2022-06-10 08:19:35,540 INFO  SpringApplication:634 - [] No active profile set, falling back to 1 default profile: "default"
2022-06-10 08:19:35,586 INFO  DeferredLog:255 - [] Devtools property defaults active! Set 'spring.devtools.add-properties' to 'false' to disable
2022-06-10 08:19:35,586 INFO  DeferredLog:255 - [] For additional web related logging consider setting the 'logging.level.web' property to 'DEBUG'
2022-06-10 08:19:36,868 INFO  TomcatWebServer:108 - [] Tomcat initialized with port(s): 3001 (http)
2022-06-10 08:19:36,878 INFO  DirectJDKLog:173 - [] Initializing ProtocolHandler ["http-nio-3001"]
2022-06-10 08:19:36,878 INFO  DirectJDKLog:173 - [] Starting service [Tomcat]
2022-06-10 08:19:36,878 INFO  DirectJDKLog:173 - [] Starting Servlet engine: [Apache Tomcat/9.0.63]
2022-06-10 08:19:36,978 INFO  DirectJDKLog:173 - [] Initializing Spring embedded WebApplicationContext
2022-06-10 08:19:36,978 INFO  ServletWebServerApplicationContext:292 - [] Root WebApplicationContext: initialization completed in 1391 ms
2022-06-10 08:19:37,850 WARN  UserDetailsServiceAutoConfiguration:88 - [] 

Using generated security password: 06b6853c-ec0d-4299-94bf-98e8fc4e95ff

This generated password is for development use only. Your security configuration must be updated before running your application in production.

2022-06-10 08:19:37,971 INFO  DefaultSecurityFilterChain:55 - [] Will secure any request with [org.springframework.security.web.session.DisableEncodeUrlFilter@6f22afb7, org.springframework.security.web.context.request.async.WebAsyncManagerIntegrationFilter@5b18392c, org.springframework.security.web.context.SecurityContextPersistenceFilter@77abd3b8, org.springframework.security.web.header.HeaderWriterFilter@59be9ea, org.springframework.web.filter.CorsFilter@30437194, org.springframework.security.web.authentication.logout.LogoutFilter@4d788539, org.springframework.security.web.savedrequest.RequestCacheAwareFilter@1de02bb9, org.springframework.security.web.servletapi.SecurityContextHolderAwareRequestFilter@27a2b1be, org.springframework.security.web.authentication.AnonymousAuthenticationFilter@37250c5e, org.springframework.security.web.session.SessionManagementFilter@3147d942, org.springframework.security.web.access.ExceptionTranslationFilter@74eda65d, org.springframework.security.web.access.intercept.FilterSecurityInterceptor@232187d1]
2022-06-10 08:19:38,169 INFO  OptionalLiveReloadServer:58 - [] LiveReload server is running on port 35729
2022-06-10 08:19:38,559 INFO  SLF4JLogger:71 - [] Cluster created with settings {hosts=[localhost:27017], mode=SINGLE, requiredClusterType=UNKNOWN, serverSelectionTimeout='30000 ms', maxWaitQueueSize=500}
2022-06-10 08:19:38,599 INFO  SLF4JLogger:76 - [] Exception in monitor thread while connecting to server localhost:27017
com.mongodb.MongoSocketOpenException: Exception opening socket
	at com.mongodb.internal.connection.SocketStream.open(SocketStream.java:70)
	at com.mongodb.internal.connection.InternalStreamConnection.open(InternalStreamConnection.java:128)
	at com.mongodb.internal.connection.DefaultServerMonitor$ServerMonitorRunnable.run(DefaultServerMonitor.java:117)
	at java.base/java.lang.Thread.run(Thread.java:833)
Caused by: java.net.ConnectException: Connection refused: no further information
	at java.base/sun.nio.ch.Net.pollConnect(Native Method)
	at java.base/sun.nio.ch.Net.pollConnectNow(Net.java:672)
	at java.base/sun.nio.ch.NioSocketImpl.timedFinishConnect(NioSocketImpl.java:539)
	at java.base/sun.nio.ch.NioSocketImpl.connect(NioSocketImpl.java:594)
	at java.base/java.net.SocksSocketImpl.connect(SocksSocketImpl.java:327)
	at java.base/java.net.Socket.connect(Socket.java:633)
	at com.mongodb.internal.connection.SocketStreamHelper.initialize(SocketStreamHelper.java:64)
	at com.mongodb.internal.connection.SocketStream.initializeSocket(SocketStream.java:79)
	at com.mongodb.internal.connection.SocketStream.open(SocketStream.java:65)
	... 3 common frames omitted
2022-06-10 08:19:38,661 INFO  DirectJDKLog:173 - [] Starting ProtocolHandler ["http-nio-3001"]
2022-06-10 08:19:38,680 INFO  TomcatWebServer:220 - [] Tomcat started on port(s): 3001 (http) with context path ''
2022-06-10 08:19:39,029 INFO  StartupInfoLogger:61 - [] Started ShedApplication in 3.787 seconds (JVM running for 4.308)
2022-06-10 08:19:44,137 INFO  DirectJDKLog:173 - [] Initializing Spring DispatcherServlet 'dispatcherServlet'
2022-06-10 08:19:44,137 INFO  FrameworkServlet:525 - [] Initializing Servlet 'dispatcherServlet'
2022-06-10 08:19:44,139 INFO  FrameworkServlet:547 - [] Completed initialization in 1 ms
2022-06-10 08:20:49,002 INFO  StartupInfoLogger:55 - [] Starting ShedApplication using Java 18.0.1.1 on PQA-0638LT with PID 54444 (C:\Users\WilliamMazerolle\Documents\GitHub\shed\toolshed-services\build\classes\java\main started by WilliamMazerolle in C:\Users\WilliamMazerolle\Documents\GitHub\shed\toolshed-services)
2022-06-10 08:20:49,004 INFO  SpringApplication:634 - [] No active profile set, falling back to 1 default profile: "default"
2022-06-10 08:20:49,050 INFO  DeferredLog:255 - [] Devtools property defaults active! Set 'spring.devtools.add-properties' to 'false' to disable
2022-06-10 08:20:49,051 INFO  DeferredLog:255 - [] For additional web related logging consider setting the 'logging.level.web' property to 'DEBUG'
2022-06-10 08:20:50,314 INFO  TomcatWebServer:108 - [] Tomcat initialized with port(s): 3001 (http)
2022-06-10 08:20:50,323 INFO  DirectJDKLog:173 - [] Initializing ProtocolHandler ["http-nio-3001"]
2022-06-10 08:20:50,323 INFO  DirectJDKLog:173 - [] Starting service [Tomcat]
2022-06-10 08:20:50,323 INFO  DirectJDKLog:173 - [] Starting Servlet engine: [Apache Tomcat/9.0.63]
2022-06-10 08:20:50,416 INFO  DirectJDKLog:173 - [] Initializing Spring embedded WebApplicationContext
2022-06-10 08:20:50,416 INFO  ServletWebServerApplicationContext:292 - [] Root WebApplicationContext: initialization completed in 1365 ms
2022-06-10 08:20:51,223 WARN  UserDetailsServiceAutoConfiguration:88 - [] 

Using generated security password: 267b42f4-6d4a-48cc-8a8d-a32f70e12625

This generated password is for development use only. Your security configuration must be updated before running your application in production.

2022-06-10 08:20:51,335 INFO  DefaultSecurityFilterChain:55 - [] Will secure any request with [org.springframework.security.web.session.DisableEncodeUrlFilter@30437194, org.springframework.security.web.context.request.async.WebAsyncManagerIntegrationFilter@37250c5e, org.springframework.security.web.context.SecurityContextPersistenceFilter@6d06f7e, org.springframework.security.web.header.HeaderWriterFilter@28f82dcf, org.springframework.web.filter.CorsFilter@4d00521a, org.springframework.security.web.authentication.logout.LogoutFilter@3e715ca6, org.springframework.security.web.savedrequest.RequestCacheAwareFilter@7273290c, org.springframework.security.web.servletapi.SecurityContextHolderAwareRequestFilter@532d9529, org.springframework.security.web.authentication.AnonymousAuthenticationFilter@574bc3cf, org.springframework.security.web.session.SessionManagementFilter@131c8111, org.springframework.security.web.access.ExceptionTranslationFilter@333a165b, org.springframework.security.web.access.intercept.FilterSecurityInterceptor@10df45e7]
2022-06-10 08:20:51,514 INFO  OptionalLiveReloadServer:58 - [] LiveReload server is running on port 35729
2022-06-10 08:20:51,831 INFO  SLF4JLogger:71 - [] Cluster created with settings {hosts=[localhost:27017], mode=SINGLE, requiredClusterType=UNKNOWN, serverSelectionTimeout='30000 ms', maxWaitQueueSize=500}
2022-06-10 08:20:51,868 INFO  SLF4JLogger:76 - [] Exception in monitor thread while connecting to server localhost:27017
com.mongodb.MongoSocketOpenException: Exception opening socket
	at com.mongodb.internal.connection.SocketStream.open(SocketStream.java:70)
	at com.mongodb.internal.connection.InternalStreamConnection.open(InternalStreamConnection.java:128)
	at com.mongodb.internal.connection.DefaultServerMonitor$ServerMonitorRunnable.run(DefaultServerMonitor.java:117)
	at java.base/java.lang.Thread.run(Thread.java:833)
Caused by: java.net.ConnectException: Connection refused: no further information
	at java.base/sun.nio.ch.Net.pollConnect(Native Method)
	at java.base/sun.nio.ch.Net.pollConnectNow(Net.java:672)
	at java.base/sun.nio.ch.NioSocketImpl.timedFinishConnect(NioSocketImpl.java:539)
	at java.base/sun.nio.ch.NioSocketImpl.connect(NioSocketImpl.java:594)
	at java.base/java.net.SocksSocketImpl.connect(SocksSocketImpl.java:327)
	at java.base/java.net.Socket.connect(Socket.java:633)
	at com.mongodb.internal.connection.SocketStreamHelper.initialize(SocketStreamHelper.java:64)
	at com.mongodb.internal.connection.SocketStream.initializeSocket(SocketStream.java:79)
	at com.mongodb.internal.connection.SocketStream.open(SocketStream.java:65)
	... 3 common frames omitted
2022-06-10 08:20:51,926 INFO  DirectJDKLog:173 - [] Starting ProtocolHandler ["http-nio-3001"]
2022-06-10 08:20:51,945 INFO  TomcatWebServer:220 - [] Tomcat started on port(s): 3001 (http) with context path ''
2022-06-10 08:20:52,262 INFO  StartupInfoLogger:61 - [] Started ShedApplication in 3.575 seconds (JVM running for 4.111)
2022-06-10 08:21:03,729 INFO  DirectJDKLog:173 - [] Initializing Spring DispatcherServlet 'dispatcherServlet'
2022-06-10 08:21:03,729 INFO  FrameworkServlet:525 - [] Initializing Servlet 'dispatcherServlet'
2022-06-10 08:21:03,730 INFO  FrameworkServlet:547 - [] Completed initialization in 1 ms
2022-06-10 08:29:53,449 INFO  StartupInfoLogger:55 - [] Starting ShedApplication using Java 18.0.1.1 on PQA-0638LT with PID 58772 (C:\Users\WilliamMazerolle\Documents\GitHub\shed\toolshed-services\build\classes\java\main started by WilliamMazerolle in C:\Users\WilliamMazerolle\Documents\GitHub\shed\toolshed-services)
2022-06-10 08:29:53,451 INFO  SpringApplication:634 - [] No active profile set, falling back to 1 default profile: "default"
2022-06-10 08:29:53,496 INFO  DeferredLog:255 - [] Devtools property defaults active! Set 'spring.devtools.add-properties' to 'false' to disable
2022-06-10 08:29:53,496 INFO  DeferredLog:255 - [] For additional web related logging consider setting the 'logging.level.web' property to 'DEBUG'
2022-06-10 08:29:54,754 INFO  TomcatWebServer:108 - [] Tomcat initialized with port(s): 3001 (http)
2022-06-10 08:29:54,763 INFO  DirectJDKLog:173 - [] Initializing ProtocolHandler ["http-nio-3001"]
2022-06-10 08:29:54,765 INFO  DirectJDKLog:173 - [] Starting service [Tomcat]
2022-06-10 08:29:54,765 INFO  DirectJDKLog:173 - [] Starting Servlet engine: [Apache Tomcat/9.0.63]
2022-06-10 08:29:54,863 INFO  DirectJDKLog:173 - [] Initializing Spring embedded WebApplicationContext
2022-06-10 08:29:54,863 INFO  ServletWebServerApplicationContext:292 - [] Root WebApplicationContext: initialization completed in 1366 ms
2022-06-10 08:29:55,677 WARN  UserDetailsServiceAutoConfiguration:88 - [] 

Using generated security password: c4533d9f-0962-41d5-8b8b-2d6a70363208

This generated password is for development use only. Your security configuration must be updated before running your application in production.

2022-06-10 08:29:55,789 INFO  DefaultSecurityFilterChain:55 - [] Will secure any request with [org.springframework.security.web.session.DisableEncodeUrlFilter@4a5e5d43, org.springframework.security.web.context.request.async.WebAsyncManagerIntegrationFilter@383804d, org.springframework.security.web.context.SecurityContextPersistenceFilter@762edc05, org.springframework.security.web.header.HeaderWriterFilter@74eda65d, org.springframework.web.filter.CorsFilter@19cd75dc, org.springframework.security.web.authentication.logout.LogoutFilter@653b3bc5, org.springframework.security.web.savedrequest.RequestCacheAwareFilter@131c8111, org.springframework.security.web.servletapi.SecurityContextHolderAwareRequestFilter@6d06f7e, org.springframework.security.web.authentication.AnonymousAuthenticationFilter@3a21c5ea, org.springframework.security.web.session.SessionManagementFilter@3524847e, org.springframework.security.web.access.ExceptionTranslationFilter@5ddeb969, org.springframework.security.web.access.intercept.FilterSecurityInterceptor@7a12beda]
2022-06-10 08:29:55,969 INFO  OptionalLiveReloadServer:58 - [] LiveReload server is running on port 35729
2022-06-10 08:29:56,289 INFO  SLF4JLogger:71 - [] Cluster created with settings {hosts=[localhost:27017], mode=SINGLE, requiredClusterType=UNKNOWN, serverSelectionTimeout='30000 ms', maxWaitQueueSize=500}
2022-06-10 08:29:56,330 INFO  SLF4JLogger:76 - [] Exception in monitor thread while connecting to server localhost:27017
com.mongodb.MongoSocketOpenException: Exception opening socket
	at com.mongodb.internal.connection.SocketStream.open(SocketStream.java:70)
	at com.mongodb.internal.connection.InternalStreamConnection.open(InternalStreamConnection.java:128)
	at com.mongodb.internal.connection.DefaultServerMonitor$ServerMonitorRunnable.run(DefaultServerMonitor.java:117)
	at java.base/java.lang.Thread.run(Thread.java:833)
Caused by: java.net.ConnectException: Connection refused: no further information
	at java.base/sun.nio.ch.Net.pollConnect(Native Method)
	at java.base/sun.nio.ch.Net.pollConnectNow(Net.java:672)
	at java.base/sun.nio.ch.NioSocketImpl.timedFinishConnect(NioSocketImpl.java:539)
	at java.base/sun.nio.ch.NioSocketImpl.connect(NioSocketImpl.java:594)
	at java.base/java.net.SocksSocketImpl.connect(SocksSocketImpl.java:327)
	at java.base/java.net.Socket.connect(Socket.java:633)
	at com.mongodb.internal.connection.SocketStreamHelper.initialize(SocketStreamHelper.java:64)
	at com.mongodb.internal.connection.SocketStream.initializeSocket(SocketStream.java:79)
	at com.mongodb.internal.connection.SocketStream.open(SocketStream.java:65)
	... 3 common frames omitted
2022-06-10 08:29:56,389 INFO  DirectJDKLog:173 - [] Starting ProtocolHandler ["http-nio-3001"]
2022-06-10 08:29:56,408 INFO  TomcatWebServer:220 - [] Tomcat started on port(s): 3001 (http) with context path ''
2022-06-10 08:29:56,742 INFO  StartupInfoLogger:61 - [] Started ShedApplication in 3.582 seconds (JVM running for 4.097)
2022-06-10 08:30:06,391 INFO  DirectJDKLog:173 - [] Initializing Spring DispatcherServlet 'dispatcherServlet'
2022-06-10 08:30:06,392 INFO  FrameworkServlet:525 - [] Initializing Servlet 'dispatcherServlet'
2022-06-10 08:30:06,394 INFO  FrameworkServlet:547 - [] Completed initialization in 2 ms
2022-06-10 08:33:25,584 INFO  StartupInfoLogger:55 - [] Starting ShedApplication using Java 18.0.1.1 on PQA-0638LT with PID 60824 (C:\Users\WilliamMazerolle\Documents\GitHub\shed\toolshed-services\build\classes\java\main started by WilliamMazerolle in C:\Users\WilliamMazerolle\Documents\GitHub\shed\toolshed-services)
2022-06-10 08:33:25,586 INFO  SpringApplication:634 - [] No active profile set, falling back to 1 default profile: "default"
2022-06-10 08:33:25,631 INFO  DeferredLog:255 - [] Devtools property defaults active! Set 'spring.devtools.add-properties' to 'false' to disable
2022-06-10 08:33:25,632 INFO  DeferredLog:255 - [] For additional web related logging consider setting the 'logging.level.web' property to 'DEBUG'
2022-06-10 08:33:26,999 INFO  TomcatWebServer:108 - [] Tomcat initialized with port(s): 3001 (http)
2022-06-10 08:33:27,010 INFO  DirectJDKLog:173 - [] Initializing ProtocolHandler ["http-nio-3001"]
2022-06-10 08:33:27,010 INFO  DirectJDKLog:173 - [] Starting service [Tomcat]
2022-06-10 08:33:27,010 INFO  DirectJDKLog:173 - [] Starting Servlet engine: [Apache Tomcat/9.0.63]
2022-06-10 08:33:27,106 INFO  DirectJDKLog:173 - [] Initializing Spring embedded WebApplicationContext
2022-06-10 08:33:27,107 INFO  ServletWebServerApplicationContext:292 - [] Root WebApplicationContext: initialization completed in 1474 ms
2022-06-10 08:33:27,971 WARN  UserDetailsServiceAutoConfiguration:88 - [] 

Using generated security password: f1255bbe-5620-4594-aed9-efef469d50c4

This generated password is for development use only. Your security configuration must be updated before running your application in production.

2022-06-10 08:33:28,093 INFO  DefaultSecurityFilterChain:55 - [] Will secure any request with [org.springframework.security.web.session.DisableEncodeUrlFilter@383804d, org.springframework.security.web.context.request.async.WebAsyncManagerIntegrationFilter@19cd75dc, org.springframework.security.web.context.SecurityContextPersistenceFilter@3147d942, org.springframework.security.web.header.HeaderWriterFilter@1c6c77d5, org.springframework.web.filter.CorsFilter@3a21c5ea, org.springframework.security.web.authentication.logout.LogoutFilter@5e21766d, org.springframework.security.web.savedrequest.RequestCacheAwareFilter@13d2b983, org.springframework.security.web.servletapi.SecurityContextHolderAwareRequestFilter@1de02bb9, org.springframework.security.web.authentication.AnonymousAuthenticationFilter@2ad33a8, org.springframework.security.web.session.SessionManagementFilter@60de0f9f, org.springframework.security.web.access.ExceptionTranslationFilter@68a9e92f, org.springframework.security.web.access.intercept.FilterSecurityInterceptor@3e6ec599]
2022-06-10 08:33:28,276 INFO  OptionalLiveReloadServer:58 - [] LiveReload server is running on port 35729
2022-06-10 08:33:28,600 INFO  SLF4JLogger:71 - [] Cluster created with settings {hosts=[localhost:27017], mode=SINGLE, requiredClusterType=UNKNOWN, serverSelectionTimeout='30000 ms', maxWaitQueueSize=500}
2022-06-10 08:33:28,640 INFO  SLF4JLogger:76 - [] Exception in monitor thread while connecting to server localhost:27017
com.mongodb.MongoSocketOpenException: Exception opening socket
	at com.mongodb.internal.connection.SocketStream.open(SocketStream.java:70)
	at com.mongodb.internal.connection.InternalStreamConnection.open(InternalStreamConnection.java:128)
	at com.mongodb.internal.connection.DefaultServerMonitor$ServerMonitorRunnable.run(DefaultServerMonitor.java:117)
	at java.base/java.lang.Thread.run(Thread.java:833)
Caused by: java.net.ConnectException: Connection refused: no further information
	at java.base/sun.nio.ch.Net.pollConnect(Native Method)
	at java.base/sun.nio.ch.Net.pollConnectNow(Net.java:672)
	at java.base/sun.nio.ch.NioSocketImpl.timedFinishConnect(NioSocketImpl.java:539)
	at java.base/sun.nio.ch.NioSocketImpl.connect(NioSocketImpl.java:594)
	at java.base/java.net.SocksSocketImpl.connect(SocksSocketImpl.java:327)
	at java.base/java.net.Socket.connect(Socket.java:633)
	at com.mongodb.internal.connection.SocketStreamHelper.initialize(SocketStreamHelper.java:64)
	at com.mongodb.internal.connection.SocketStream.initializeSocket(SocketStream.java:79)
	at com.mongodb.internal.connection.SocketStream.open(SocketStream.java:65)
	... 3 common frames omitted
2022-06-10 08:33:28,699 INFO  DirectJDKLog:173 - [] Starting ProtocolHandler ["http-nio-3001"]
2022-06-10 08:33:28,718 INFO  TomcatWebServer:220 - [] Tomcat started on port(s): 3001 (http) with context path ''
2022-06-10 08:33:29,050 INFO  StartupInfoLogger:61 - [] Started ShedApplication in 3.769 seconds (JVM running for 4.29)
2022-06-10 08:33:32,752 INFO  DirectJDKLog:173 - [] Initializing Spring DispatcherServlet 'dispatcherServlet'
2022-06-10 08:33:32,752 INFO  FrameworkServlet:525 - [] Initializing Servlet 'dispatcherServlet'
2022-06-10 08:33:32,753 INFO  FrameworkServlet:547 - [] Completed initialization in 1 ms
2022-06-10 08:34:27,693 INFO  StartupInfoLogger:55 - [] Starting ShedApplication using Java 18.0.1.1 on PQA-0638LT with PID 21520 (C:\Users\WilliamMazerolle\Documents\GitHub\shed\toolshed-services\build\classes\java\main started by WilliamMazerolle in C:\Users\WilliamMazerolle\Documents\GitHub\shed\toolshed-services)
2022-06-10 08:34:27,695 INFO  SpringApplication:634 - [] No active profile set, falling back to 1 default profile: "default"
2022-06-10 08:34:27,738 INFO  DeferredLog:255 - [] Devtools property defaults active! Set 'spring.devtools.add-properties' to 'false' to disable
2022-06-10 08:34:27,739 INFO  DeferredLog:255 - [] For additional web related logging consider setting the 'logging.level.web' property to 'DEBUG'
2022-06-10 08:34:29,008 INFO  TomcatWebServer:108 - [] Tomcat initialized with port(s): 3001 (http)
2022-06-10 08:34:29,017 INFO  DirectJDKLog:173 - [] Initializing ProtocolHandler ["http-nio-3001"]
2022-06-10 08:34:29,017 INFO  DirectJDKLog:173 - [] Starting service [Tomcat]
2022-06-10 08:34:29,017 INFO  DirectJDKLog:173 - [] Starting Servlet engine: [Apache Tomcat/9.0.63]
2022-06-10 08:34:29,115 INFO  DirectJDKLog:173 - [] Initializing Spring embedded WebApplicationContext
2022-06-10 08:34:29,116 INFO  ServletWebServerApplicationContext:292 - [] Root WebApplicationContext: initialization completed in 1377 ms
2022-06-10 08:34:29,948 WARN  UserDetailsServiceAutoConfiguration:88 - [] 

Using generated security password: 72861d4f-531b-407f-9931-d524858ea2ff

This generated password is for development use only. Your security configuration must be updated before running your application in production.

2022-06-10 08:34:30,071 INFO  DefaultSecurityFilterChain:55 - [] Will secure any request with [org.springframework.security.web.session.DisableEncodeUrlFilter@30437194, org.springframework.security.web.context.request.async.WebAsyncManagerIntegrationFilter@37250c5e, org.springframework.security.web.context.SecurityContextPersistenceFilter@6d06f7e, org.springframework.security.web.header.HeaderWriterFilter@28f82dcf, org.springframework.web.filter.CorsFilter@4d00521a, org.springframework.security.web.authentication.logout.LogoutFilter@3e715ca6, org.springframework.security.web.savedrequest.RequestCacheAwareFilter@7273290c, org.springframework.security.web.servletapi.SecurityContextHolderAwareRequestFilter@532d9529, org.springframework.security.web.authentication.AnonymousAuthenticationFilter@574bc3cf, org.springframework.security.web.session.SessionManagementFilter@131c8111, org.springframework.security.web.access.ExceptionTranslationFilter@333a165b, org.springframework.security.web.access.intercept.FilterSecurityInterceptor@10df45e7]
2022-06-10 08:34:30,248 INFO  OptionalLiveReloadServer:58 - [] LiveReload server is running on port 35729
2022-06-10 08:34:30,570 INFO  SLF4JLogger:71 - [] Cluster created with settings {hosts=[localhost:27017], mode=SINGLE, requiredClusterType=UNKNOWN, serverSelectionTimeout='30000 ms', maxWaitQueueSize=500}
2022-06-10 08:34:30,607 INFO  SLF4JLogger:76 - [] Exception in monitor thread while connecting to server localhost:27017
com.mongodb.MongoSocketOpenException: Exception opening socket
	at com.mongodb.internal.connection.SocketStream.open(SocketStream.java:70)
	at com.mongodb.internal.connection.InternalStreamConnection.open(InternalStreamConnection.java:128)
	at com.mongodb.internal.connection.DefaultServerMonitor$ServerMonitorRunnable.run(DefaultServerMonitor.java:117)
	at java.base/java.lang.Thread.run(Thread.java:833)
Caused by: java.net.ConnectException: Connection refused: no further information
	at java.base/sun.nio.ch.Net.pollConnect(Native Method)
	at java.base/sun.nio.ch.Net.pollConnectNow(Net.java:672)
	at java.base/sun.nio.ch.NioSocketImpl.timedFinishConnect(NioSocketImpl.java:539)
	at java.base/sun.nio.ch.NioSocketImpl.connect(NioSocketImpl.java:594)
	at java.base/java.net.SocksSocketImpl.connect(SocksSocketImpl.java:327)
	at java.base/java.net.Socket.connect(Socket.java:633)
	at com.mongodb.internal.connection.SocketStreamHelper.initialize(SocketStreamHelper.java:64)
	at com.mongodb.internal.connection.SocketStream.initializeSocket(SocketStream.java:79)
	at com.mongodb.internal.connection.SocketStream.open(SocketStream.java:65)
	... 3 common frames omitted
2022-06-10 08:34:30,666 INFO  DirectJDKLog:173 - [] Starting ProtocolHandler ["http-nio-3001"]
2022-06-10 08:34:30,686 INFO  TomcatWebServer:220 - [] Tomcat started on port(s): 3001 (http) with context path ''
2022-06-10 08:34:31,004 INFO  StartupInfoLogger:61 - [] Started ShedApplication in 3.601 seconds (JVM running for 4.139)
2022-06-10 08:34:33,468 INFO  DirectJDKLog:173 - [] Initializing Spring DispatcherServlet 'dispatcherServlet'
2022-06-10 08:34:33,468 INFO  FrameworkServlet:525 - [] Initializing Servlet 'dispatcherServlet'
2022-06-10 08:34:33,470 INFO  FrameworkServlet:547 - [] Completed initialization in 2 ms
2022-06-10 08:48:38,030 INFO  StartupInfoLogger:55 - [] Starting ShedApplication using Java 18.0.1.1 on PQA-0638LT with PID 56968 (C:\Users\WilliamMazerolle\Documents\GitHub\shed\toolshed-services\build\classes\java\main started by WilliamMazerolle in C:\Users\WilliamMazerolle\Documents\GitHub\shed\toolshed-services)
2022-06-10 08:48:38,033 INFO  SpringApplication:634 - [] No active profile set, falling back to 1 default profile: "default"
2022-06-10 08:48:38,075 INFO  DeferredLog:255 - [] Devtools property defaults active! Set 'spring.devtools.add-properties' to 'false' to disable
2022-06-10 08:48:38,076 INFO  DeferredLog:255 - [] For additional web related logging consider setting the 'logging.level.web' property to 'DEBUG'
2022-06-10 08:48:39,389 INFO  TomcatWebServer:108 - [] Tomcat initialized with port(s): 3001 (http)
2022-06-10 08:48:39,399 INFO  DirectJDKLog:173 - [] Initializing ProtocolHandler ["http-nio-3001"]
2022-06-10 08:48:39,399 INFO  DirectJDKLog:173 - [] Starting service [Tomcat]
2022-06-10 08:48:39,399 INFO  DirectJDKLog:173 - [] Starting Servlet engine: [Apache Tomcat/9.0.63]
2022-06-10 08:48:39,497 INFO  DirectJDKLog:173 - [] Initializing Spring embedded WebApplicationContext
2022-06-10 08:48:39,497 INFO  ServletWebServerApplicationContext:292 - [] Root WebApplicationContext: initialization completed in 1421 ms
2022-06-10 08:48:40,326 WARN  UserDetailsServiceAutoConfiguration:88 - [] 

Using generated security password: 78858756-ebf1-496b-b7ac-3f253908b8a9

This generated password is for development use only. Your security configuration must be updated before running your application in production.

2022-06-10 08:48:40,441 INFO  DefaultSecurityFilterChain:55 - [] Will secure any request with [org.springframework.security.web.session.DisableEncodeUrlFilter@6f22afb7, org.springframework.security.web.context.request.async.WebAsyncManagerIntegrationFilter@5b18392c, org.springframework.security.web.context.SecurityContextPersistenceFilter@77abd3b8, org.springframework.security.web.header.HeaderWriterFilter@59be9ea, org.springframework.web.filter.CorsFilter@30437194, org.springframework.security.web.authentication.logout.LogoutFilter@4d788539, org.springframework.security.web.savedrequest.RequestCacheAwareFilter@1de02bb9, org.springframework.security.web.servletapi.SecurityContextHolderAwareRequestFilter@27a2b1be, org.springframework.security.web.authentication.AnonymousAuthenticationFilter@37250c5e, org.springframework.security.web.session.SessionManagementFilter@3147d942, org.springframework.security.web.access.ExceptionTranslationFilter@74eda65d, org.springframework.security.web.access.intercept.FilterSecurityInterceptor@232187d1]
2022-06-10 08:48:40,620 INFO  OptionalLiveReloadServer:58 - [] LiveReload server is running on port 35729
2022-06-10 08:48:40,946 INFO  SLF4JLogger:71 - [] Cluster created with settings {hosts=[localhost:27017], mode=SINGLE, requiredClusterType=UNKNOWN, serverSelectionTimeout='30000 ms', maxWaitQueueSize=500}
2022-06-10 08:48:40,996 INFO  SLF4JLogger:76 - [] Exception in monitor thread while connecting to server localhost:27017
com.mongodb.MongoSocketOpenException: Exception opening socket
	at com.mongodb.internal.connection.SocketStream.open(SocketStream.java:70)
	at com.mongodb.internal.connection.InternalStreamConnection.open(InternalStreamConnection.java:128)
	at com.mongodb.internal.connection.DefaultServerMonitor$ServerMonitorRunnable.run(DefaultServerMonitor.java:117)
	at java.base/java.lang.Thread.run(Thread.java:833)
Caused by: java.net.ConnectException: Connection refused: no further information
	at java.base/sun.nio.ch.Net.pollConnect(Native Method)
	at java.base/sun.nio.ch.Net.pollConnectNow(Net.java:672)
	at java.base/sun.nio.ch.NioSocketImpl.timedFinishConnect(NioSocketImpl.java:539)
	at java.base/sun.nio.ch.NioSocketImpl.connect(NioSocketImpl.java:594)
	at java.base/java.net.SocksSocketImpl.connect(SocksSocketImpl.java:327)
	at java.base/java.net.Socket.connect(Socket.java:633)
	at com.mongodb.internal.connection.SocketStreamHelper.initialize(SocketStreamHelper.java:64)
	at com.mongodb.internal.connection.SocketStream.initializeSocket(SocketStream.java:79)
	at com.mongodb.internal.connection.SocketStream.open(SocketStream.java:65)
	... 3 common frames omitted
2022-06-10 08:48:41,043 INFO  DirectJDKLog:173 - [] Starting ProtocolHandler ["http-nio-3001"]
2022-06-10 08:48:41,062 INFO  TomcatWebServer:220 - [] Tomcat started on port(s): 3001 (http) with context path ''
2022-06-10 08:48:41,388 INFO  StartupInfoLogger:61 - [] Started ShedApplication in 3.651 seconds (JVM running for 4.178)
2022-06-10 08:48:51,395 INFO  DirectJDKLog:173 - [] Initializing Spring DispatcherServlet 'dispatcherServlet'
2022-06-10 08:48:51,396 INFO  FrameworkServlet:525 - [] Initializing Servlet 'dispatcherServlet'
2022-06-10 08:48:51,397 INFO  FrameworkServlet:547 - [] Completed initialization in 1 ms
2022-06-10 08:48:51,922 ERROR DirectJDKLog:175 - [] Servlet.service() for servlet [dispatcherServlet] in context with path [] threw exception [Request processing failed; nested exception is org.json.JSONException: JSONObject[""] not found.] with root cause
org.json.JSONException: JSONObject[""] not found.
	at org.json.JSONObject.get(JSONObject.java:587)
	at org.json.JSONObject.getString(JSONObject.java:874)
	at com.pqashed.shed.ApiController.testExcelParse(ApiController.java:192)
	at java.base/jdk.internal.reflect.DirectMethodHandleAccessor.invoke(DirectMethodHandleAccessor.java:104)
	at java.base/java.lang.reflect.Method.invoke(Method.java:577)
	at org.springframework.web.method.support.InvocableHandlerMethod.doInvoke(InvocableHandlerMethod.java:205)
	at org.springframework.web.method.support.InvocableHandlerMethod.invokeForRequest(InvocableHandlerMethod.java:150)
	at org.springframework.web.servlet.mvc.method.annotation.ServletInvocableHandlerMethod.invokeAndHandle(ServletInvocableHandlerMethod.java:117)
	at org.springframework.web.servlet.mvc.method.annotation.RequestMappingHandlerAdapter.invokeHandlerMethod(RequestMappingHandlerAdapter.java:895)
	at org.springframework.web.servlet.mvc.method.annotation.RequestMappingHandlerAdapter.handleInternal(RequestMappingHandlerAdapter.java:808)
	at org.springframework.web.servlet.mvc.method.AbstractHandlerMethodAdapter.handle(AbstractHandlerMethodAdapter.java:87)
	at org.springframework.web.servlet.DispatcherServlet.doDispatch(DispatcherServlet.java:1067)
	at org.springframework.web.servlet.DispatcherServlet.doService(DispatcherServlet.java:963)
	at org.springframework.web.servlet.FrameworkServlet.processRequest(FrameworkServlet.java:1006)
	at org.springframework.web.servlet.FrameworkServlet.doGet(FrameworkServlet.java:898)
	at javax.servlet.http.HttpServlet.service(HttpServlet.java:655)
	at org.springframework.web.servlet.FrameworkServlet.service(FrameworkServlet.java:883)
	at javax.servlet.http.HttpServlet.service(HttpServlet.java:764)
	at org.apache.catalina.core.ApplicationFilterChain.internalDoFilter(ApplicationFilterChain.java:227)
	at org.apache.catalina.core.ApplicationFilterChain.doFilter(ApplicationFilterChain.java:162)
	at org.apache.tomcat.websocket.server.WsFilter.doFilter(WsFilter.java:53)
	at org.apache.catalina.core.ApplicationFilterChain.internalDoFilter(ApplicationFilterChain.java:189)
	at org.apache.catalina.core.ApplicationFilterChain.doFilter(ApplicationFilterChain.java:162)
	at org.springframework.security.web.FilterChainProxy$VirtualFilterChain.doFilter(FilterChainProxy.java:327)
	at org.springframework.security.web.access.intercept.FilterSecurityInterceptor.invoke(FilterSecurityInterceptor.java:115)
	at org.springframework.security.web.access.intercept.FilterSecurityInterceptor.doFilter(FilterSecurityInterceptor.java:81)
	at org.springframework.security.web.FilterChainProxy$VirtualFilterChain.doFilter(FilterChainProxy.java:336)
	at org.springframework.security.web.access.ExceptionTranslationFilter.doFilter(ExceptionTranslationFilter.java:122)
	at org.springframework.security.web.access.ExceptionTranslationFilter.doFilter(ExceptionTranslationFilter.java:116)
	at org.springframework.security.web.FilterChainProxy$VirtualFilterChain.doFilter(FilterChainProxy.java:336)
	at org.springframework.security.web.session.SessionManagementFilter.doFilter(SessionManagementFilter.java:126)
	at org.springframework.security.web.session.SessionManagementFilter.doFilter(SessionManagementFilter.java:81)
	at org.springframework.security.web.FilterChainProxy$VirtualFilterChain.doFilter(FilterChainProxy.java:336)
	at org.springframework.security.web.authentication.AnonymousAuthenticationFilter.doFilter(AnonymousAuthenticationFilter.java:109)
	at org.springframework.security.web.FilterChainProxy$VirtualFilterChain.doFilter(FilterChainProxy.java:336)
	at org.springframework.security.web.servletapi.SecurityContextHolderAwareRequestFilter.doFilter(SecurityContextHolderAwareRequestFilter.java:149)
	at org.springframework.security.web.FilterChainProxy$VirtualFilterChain.doFilter(FilterChainProxy.java:336)
	at org.springframework.security.web.savedrequest.RequestCacheAwareFilter.doFilter(RequestCacheAwareFilter.java:63)
	at org.springframework.security.web.FilterChainProxy$VirtualFilterChain.doFilter(FilterChainProxy.java:336)
	at org.springframework.security.web.authentication.logout.LogoutFilter.doFilter(LogoutFilter.java:103)
	at org.springframework.security.web.authentication.logout.LogoutFilter.doFilter(LogoutFilter.java:89)
	at org.springframework.security.web.FilterChainProxy$VirtualFilterChain.doFilter(FilterChainProxy.java:336)
	at org.springframework.web.filter.CorsFilter.doFilterInternal(CorsFilter.java:91)
	at org.springframework.web.filter.OncePerRequestFilter.doFilter(OncePerRequestFilter.java:117)
	at org.springframework.security.web.FilterChainProxy$VirtualFilterChain.doFilter(FilterChainProxy.java:336)
	at org.springframework.security.web.header.HeaderWriterFilter.doHeadersAfter(HeaderWriterFilter.java:90)
	at org.springframework.security.web.header.HeaderWriterFilter.doFilterInternal(HeaderWriterFilter.java:75)
	at org.springframework.web.filter.OncePerRequestFilter.doFilter(OncePerRequestFilter.java:117)
	at org.springframework.security.web.FilterChainProxy$VirtualFilterChain.doFilter(FilterChainProxy.java:336)
	at org.springframework.security.web.context.SecurityContextPersistenceFilter.doFilter(SecurityContextPersistenceFilter.java:112)
	at org.springframework.security.web.context.SecurityContextPersistenceFilter.doFilter(SecurityContextPersistenceFilter.java:82)
	at org.springframework.security.web.FilterChainProxy$VirtualFilterChain.doFilter(FilterChainProxy.java:336)
	at org.springframework.security.web.context.request.async.WebAsyncManagerIntegrationFilter.doFilterInternal(WebAsyncManagerIntegrationFilter.java:55)
	at org.springframework.web.filter.OncePerRequestFilter.doFilter(OncePerRequestFilter.java:117)
	at org.springframework.security.web.FilterChainProxy$VirtualFilterChain.doFilter(FilterChainProxy.java:336)
	at org.springframework.security.web.session.DisableEncodeUrlFilter.doFilterInternal(DisableEncodeUrlFilter.java:42)
	at org.springframework.web.filter.OncePerRequestFilter.doFilter(OncePerRequestFilter.java:117)
	at org.springframework.security.web.FilterChainProxy$VirtualFilterChain.doFilter(FilterChainProxy.java:336)
	at org.springframework.security.web.FilterChainProxy.doFilterInternal(FilterChainProxy.java:211)
	at org.springframework.security.web.FilterChainProxy.doFilter(FilterChainProxy.java:183)
	at org.springframework.web.filter.DelegatingFilterProxy.invokeDelegate(DelegatingFilterProxy.java:354)
	at org.springframework.web.filter.DelegatingFilterProxy.doFilter(DelegatingFilterProxy.java:267)
	at org.apache.catalina.core.ApplicationFilterChain.internalDoFilter(ApplicationFilterChain.java:189)
	at org.apache.catalina.core.ApplicationFilterChain.doFilter(ApplicationFilterChain.java:162)
	at org.springframework.web.filter.RequestContextFilter.doFilterInternal(RequestContextFilter.java:100)
	at org.springframework.web.filter.OncePerRequestFilter.doFilter(OncePerRequestFilter.java:117)
	at org.apache.catalina.core.ApplicationFilterChain.internalDoFilter(ApplicationFilterChain.java:189)
	at org.apache.catalina.core.ApplicationFilterChain.doFilter(ApplicationFilterChain.java:162)
	at org.springframework.web.filter.FormContentFilter.doFilterInternal(FormContentFilter.java:93)
	at org.springframework.web.filter.OncePerRequestFilter.doFilter(OncePerRequestFilter.java:117)
	at org.apache.catalina.core.ApplicationFilterChain.internalDoFilter(ApplicationFilterChain.java:189)
	at org.apache.catalina.core.ApplicationFilterChain.doFilter(ApplicationFilterChain.java:162)
	at org.springframework.web.filter.CharacterEncodingFilter.doFilterInternal(CharacterEncodingFilter.java:201)
	at org.springframework.web.filter.OncePerRequestFilter.doFilter(OncePerRequestFilter.java:117)
	at org.apache.catalina.core.ApplicationFilterChain.internalDoFilter(ApplicationFilterChain.java:189)
	at org.apache.catalina.core.ApplicationFilterChain.doFilter(ApplicationFilterChain.java:162)
	at org.apache.catalina.core.StandardWrapperValve.invoke(StandardWrapperValve.java:197)
	at org.apache.catalina.core.StandardContextValve.invoke(StandardContextValve.java:97)
	at org.apache.catalina.authenticator.AuthenticatorBase.invoke(AuthenticatorBase.java:541)
	at org.apache.catalina.core.StandardHostValve.invoke(StandardHostValve.java:135)
	at org.apache.catalina.valves.ErrorReportValve.invoke(ErrorReportValve.java:92)
	at org.apache.catalina.core.StandardEngineValve.invoke(StandardEngineValve.java:78)
	at org.apache.catalina.connector.CoyoteAdapter.service(CoyoteAdapter.java:360)
	at org.apache.coyote.http11.Http11Processor.service(Http11Processor.java:399)
	at org.apache.coyote.AbstractProcessorLight.process(AbstractProcessorLight.java:65)
	at org.apache.coyote.AbstractProtocol$ConnectionHandler.process(AbstractProtocol.java:890)
	at org.apache.tomcat.util.net.NioEndpoint$SocketProcessor.doRun(NioEndpoint.java:1743)
	at org.apache.tomcat.util.net.SocketProcessorBase.run(SocketProcessorBase.java:49)
	at org.apache.tomcat.util.threads.ThreadPoolExecutor.runWorker(ThreadPoolExecutor.java:1191)
	at org.apache.tomcat.util.threads.ThreadPoolExecutor$Worker.run(ThreadPoolExecutor.java:659)
	at org.apache.tomcat.util.threads.TaskThread$WrappingRunnable.run(TaskThread.java:61)
	at java.base/java.lang.Thread.run(Thread.java:833)
2022-06-10 08:50:39,113 INFO  StartupInfoLogger:55 - [] Starting ShedApplication using Java 18.0.1.1 on PQA-0638LT with PID 45336 (C:\Users\WilliamMazerolle\Documents\GitHub\shed\toolshed-services\build\classes\java\main started by WilliamMazerolle in C:\Users\WilliamMazerolle\Documents\GitHub\shed\toolshed-services)
2022-06-10 08:50:39,116 INFO  SpringApplication:634 - [] No active profile set, falling back to 1 default profile: "default"
2022-06-10 08:50:39,161 INFO  DeferredLog:255 - [] Devtools property defaults active! Set 'spring.devtools.add-properties' to 'false' to disable
2022-06-10 08:50:39,161 INFO  DeferredLog:255 - [] For additional web related logging consider setting the 'logging.level.web' property to 'DEBUG'
2022-06-10 08:50:40,460 INFO  TomcatWebServer:108 - [] Tomcat initialized with port(s): 3001 (http)
2022-06-10 08:50:40,470 INFO  DirectJDKLog:173 - [] Initializing ProtocolHandler ["http-nio-3001"]
2022-06-10 08:50:40,471 INFO  DirectJDKLog:173 - [] Starting service [Tomcat]
2022-06-10 08:50:40,471 INFO  DirectJDKLog:173 - [] Starting Servlet engine: [Apache Tomcat/9.0.63]
2022-06-10 08:50:40,571 INFO  DirectJDKLog:173 - [] Initializing Spring embedded WebApplicationContext
2022-06-10 08:50:40,571 INFO  ServletWebServerApplicationContext:292 - [] Root WebApplicationContext: initialization completed in 1410 ms
2022-06-10 08:50:41,410 WARN  UserDetailsServiceAutoConfiguration:88 - [] 

Using generated security password: 7e045612-e39c-4887-a28d-654fac177bd8

This generated password is for development use only. Your security configuration must be updated before running your application in production.

2022-06-10 08:50:41,531 INFO  DefaultSecurityFilterChain:55 - [] Will secure any request with [org.springframework.security.web.session.DisableEncodeUrlFilter@3a21c5ea, org.springframework.security.web.context.request.async.WebAsyncManagerIntegrationFilter@2ad33a8, org.springframework.security.web.context.SecurityContextPersistenceFilter@131c8111, org.springframework.security.web.header.HeaderWriterFilter@1b3c90, org.springframework.web.filter.CorsFilter@1d335a58, org.springframework.security.web.authentication.logout.LogoutFilter@15e5ea40, org.springframework.security.web.savedrequest.RequestCacheAwareFilter@77abd3b8, org.springframework.security.web.servletapi.SecurityContextHolderAwareRequestFilter@7273290c, org.springframework.security.web.authentication.AnonymousAuthenticationFilter@6f22afb7, org.springframework.security.web.session.SessionManagementFilter@778af845, org.springframework.security.web.access.ExceptionTranslationFilter@99c3eb3, org.springframework.security.web.access.intercept.FilterSecurityInterceptor@13b50de7]
2022-06-10 08:50:41,707 INFO  OptionalLiveReloadServer:58 - [] LiveReload server is running on port 35729
2022-06-10 08:50:42,033 INFO  SLF4JLogger:71 - [] Cluster created with settings {hosts=[localhost:27017], mode=SINGLE, requiredClusterType=UNKNOWN, serverSelectionTimeout='30000 ms', maxWaitQueueSize=500}
2022-06-10 08:50:42,070 INFO  SLF4JLogger:76 - [] Exception in monitor thread while connecting to server localhost:27017
com.mongodb.MongoSocketOpenException: Exception opening socket
	at com.mongodb.internal.connection.SocketStream.open(SocketStream.java:70)
	at com.mongodb.internal.connection.InternalStreamConnection.open(InternalStreamConnection.java:128)
	at com.mongodb.internal.connection.DefaultServerMonitor$ServerMonitorRunnable.run(DefaultServerMonitor.java:117)
	at java.base/java.lang.Thread.run(Thread.java:833)
Caused by: java.net.ConnectException: Connection refused: no further information
	at java.base/sun.nio.ch.Net.pollConnect(Native Method)
	at java.base/sun.nio.ch.Net.pollConnectNow(Net.java:672)
	at java.base/sun.nio.ch.NioSocketImpl.timedFinishConnect(NioSocketImpl.java:539)
	at java.base/sun.nio.ch.NioSocketImpl.connect(NioSocketImpl.java:594)
	at java.base/java.net.SocksSocketImpl.connect(SocksSocketImpl.java:327)
	at java.base/java.net.Socket.connect(Socket.java:633)
	at com.mongodb.internal.connection.SocketStreamHelper.initialize(SocketStreamHelper.java:64)
	at com.mongodb.internal.connection.SocketStream.initializeSocket(SocketStream.java:79)
	at com.mongodb.internal.connection.SocketStream.open(SocketStream.java:65)
	... 3 common frames omitted
2022-06-10 08:50:42,128 INFO  DirectJDKLog:173 - [] Starting ProtocolHandler ["http-nio-3001"]
2022-06-10 08:50:42,147 INFO  TomcatWebServer:220 - [] Tomcat started on port(s): 3001 (http) with context path ''
2022-06-10 08:50:42,470 INFO  StartupInfoLogger:61 - [] Started ShedApplication in 3.655 seconds (JVM running for 4.179)
2022-06-10 08:50:50,552 INFO  DirectJDKLog:173 - [] Initializing Spring DispatcherServlet 'dispatcherServlet'
2022-06-10 08:50:50,553 INFO  FrameworkServlet:525 - [] Initializing Servlet 'dispatcherServlet'
2022-06-10 08:50:50,555 INFO  FrameworkServlet:547 - [] Completed initialization in 2 ms
2022-06-10 11:56:08,470 ERROR DirectJDKLog:175 - [] Servlet.service() for servlet [dispatcherServlet] in context with path [] threw exception [Request processing failed; nested exception is java.lang.NumberFormatException: For input string: "null"] with root cause
java.lang.NumberFormatException: For input string: "null"
	at java.base/java.lang.NumberFormatException.forInputString(NumberFormatException.java:67)
	at java.base/java.lang.Integer.parseInt(Integer.java:668)
	at java.base/java.lang.Integer.parseInt(Integer.java:784)
	at com.pqashed.shed.ApiController.getFakerJSON(ApiController.java:121)
	at java.base/jdk.internal.reflect.DirectMethodHandleAccessor.invoke(DirectMethodHandleAccessor.java:104)
	at java.base/java.lang.reflect.Method.invoke(Method.java:577)
	at org.springframework.web.method.support.InvocableHandlerMethod.doInvoke(InvocableHandlerMethod.java:205)
	at org.springframework.web.method.support.InvocableHandlerMethod.invokeForRequest(InvocableHandlerMethod.java:150)
	at org.springframework.web.servlet.mvc.method.annotation.ServletInvocableHandlerMethod.invokeAndHandle(ServletInvocableHandlerMethod.java:117)
	at org.springframework.web.servlet.mvc.method.annotation.RequestMappingHandlerAdapter.invokeHandlerMethod(RequestMappingHandlerAdapter.java:895)
	at org.springframework.web.servlet.mvc.method.annotation.RequestMappingHandlerAdapter.handleInternal(RequestMappingHandlerAdapter.java:808)
	at org.springframework.web.servlet.mvc.method.AbstractHandlerMethodAdapter.handle(AbstractHandlerMethodAdapter.java:87)
	at org.springframework.web.servlet.DispatcherServlet.doDispatch(DispatcherServlet.java:1067)
	at org.springframework.web.servlet.DispatcherServlet.doService(DispatcherServlet.java:963)
	at org.springframework.web.servlet.FrameworkServlet.processRequest(FrameworkServlet.java:1006)
	at org.springframework.web.servlet.FrameworkServlet.doPost(FrameworkServlet.java:909)
	at javax.servlet.http.HttpServlet.service(HttpServlet.java:681)
	at org.springframework.web.servlet.FrameworkServlet.service(FrameworkServlet.java:883)
	at javax.servlet.http.HttpServlet.service(HttpServlet.java:764)
	at org.apache.catalina.core.ApplicationFilterChain.internalDoFilter(ApplicationFilterChain.java:227)
	at org.apache.catalina.core.ApplicationFilterChain.doFilter(ApplicationFilterChain.java:162)
	at org.apache.tomcat.websocket.server.WsFilter.doFilter(WsFilter.java:53)
	at org.apache.catalina.core.ApplicationFilterChain.internalDoFilter(ApplicationFilterChain.java:189)
	at org.apache.catalina.core.ApplicationFilterChain.doFilter(ApplicationFilterChain.java:162)
	at org.springframework.security.web.FilterChainProxy$VirtualFilterChain.doFilter(FilterChainProxy.java:327)
	at org.springframework.security.web.access.intercept.FilterSecurityInterceptor.invoke(FilterSecurityInterceptor.java:115)
	at org.springframework.security.web.access.intercept.FilterSecurityInterceptor.doFilter(FilterSecurityInterceptor.java:81)
	at org.springframework.security.web.FilterChainProxy$VirtualFilterChain.doFilter(FilterChainProxy.java:336)
	at org.springframework.security.web.access.ExceptionTranslationFilter.doFilter(ExceptionTranslationFilter.java:122)
	at org.springframework.security.web.access.ExceptionTranslationFilter.doFilter(ExceptionTranslationFilter.java:116)
	at org.springframework.security.web.FilterChainProxy$VirtualFilterChain.doFilter(FilterChainProxy.java:336)
	at org.springframework.security.web.session.SessionManagementFilter.doFilter(SessionManagementFilter.java:126)
	at org.springframework.security.web.session.SessionManagementFilter.doFilter(SessionManagementFilter.java:81)
	at org.springframework.security.web.FilterChainProxy$VirtualFilterChain.doFilter(FilterChainProxy.java:336)
	at org.springframework.security.web.authentication.AnonymousAuthenticationFilter.doFilter(AnonymousAuthenticationFilter.java:109)
	at org.springframework.security.web.FilterChainProxy$VirtualFilterChain.doFilter(FilterChainProxy.java:336)
	at org.springframework.security.web.servletapi.SecurityContextHolderAwareRequestFilter.doFilter(SecurityContextHolderAwareRequestFilter.java:149)
	at org.springframework.security.web.FilterChainProxy$VirtualFilterChain.doFilter(FilterChainProxy.java:336)
	at org.springframework.security.web.savedrequest.RequestCacheAwareFilter.doFilter(RequestCacheAwareFilter.java:63)
	at org.springframework.security.web.FilterChainProxy$VirtualFilterChain.doFilter(FilterChainProxy.java:336)
	at org.springframework.security.web.authentication.logout.LogoutFilter.doFilter(LogoutFilter.java:103)
	at org.springframework.security.web.authentication.logout.LogoutFilter.doFilter(LogoutFilter.java:89)
	at org.springframework.security.web.FilterChainProxy$VirtualFilterChain.doFilter(FilterChainProxy.java:336)
	at org.springframework.web.filter.CorsFilter.doFilterInternal(CorsFilter.java:91)
	at org.springframework.web.filter.OncePerRequestFilter.doFilter(OncePerRequestFilter.java:117)
	at org.springframework.security.web.FilterChainProxy$VirtualFilterChain.doFilter(FilterChainProxy.java:336)
	at org.springframework.security.web.header.HeaderWriterFilter.doHeadersAfter(HeaderWriterFilter.java:90)
	at org.springframework.security.web.header.HeaderWriterFilter.doFilterInternal(HeaderWriterFilter.java:75)
	at org.springframework.web.filter.OncePerRequestFilter.doFilter(OncePerRequestFilter.java:117)
	at org.springframework.security.web.FilterChainProxy$VirtualFilterChain.doFilter(FilterChainProxy.java:336)
	at org.springframework.security.web.context.SecurityContextPersistenceFilter.doFilter(SecurityContextPersistenceFilter.java:112)
	at org.springframework.security.web.context.SecurityContextPersistenceFilter.doFilter(SecurityContextPersistenceFilter.java:82)
	at org.springframework.security.web.FilterChainProxy$VirtualFilterChain.doFilter(FilterChainProxy.java:336)
	at org.springframework.security.web.context.request.async.WebAsyncManagerIntegrationFilter.doFilterInternal(WebAsyncManagerIntegrationFilter.java:55)
	at org.springframework.web.filter.OncePerRequestFilter.doFilter(OncePerRequestFilter.java:117)
	at org.springframework.security.web.FilterChainProxy$VirtualFilterChain.doFilter(FilterChainProxy.java:336)
	at org.springframework.security.web.session.DisableEncodeUrlFilter.doFilterInternal(DisableEncodeUrlFilter.java:42)
	at org.springframework.web.filter.OncePerRequestFilter.doFilter(OncePerRequestFilter.java:117)
	at org.springframework.security.web.FilterChainProxy$VirtualFilterChain.doFilter(FilterChainProxy.java:336)
	at org.springframework.security.web.FilterChainProxy.doFilterInternal(FilterChainProxy.java:211)
	at org.springframework.security.web.FilterChainProxy.doFilter(FilterChainProxy.java:183)
	at org.springframework.web.filter.DelegatingFilterProxy.invokeDelegate(DelegatingFilterProxy.java:354)
	at org.springframework.web.filter.DelegatingFilterProxy.doFilter(DelegatingFilterProxy.java:267)
	at org.apache.catalina.core.ApplicationFilterChain.internalDoFilter(ApplicationFilterChain.java:189)
	at org.apache.catalina.core.ApplicationFilterChain.doFilter(ApplicationFilterChain.java:162)
	at org.springframework.web.filter.RequestContextFilter.doFilterInternal(RequestContextFilter.java:100)
	at org.springframework.web.filter.OncePerRequestFilter.doFilter(OncePerRequestFilter.java:117)
	at org.apache.catalina.core.ApplicationFilterChain.internalDoFilter(ApplicationFilterChain.java:189)
	at org.apache.catalina.core.ApplicationFilterChain.doFilter(ApplicationFilterChain.java:162)
	at org.springframework.web.filter.FormContentFilter.doFilterInternal(FormContentFilter.java:93)
	at org.springframework.web.filter.OncePerRequestFilter.doFilter(OncePerRequestFilter.java:117)
	at org.apache.catalina.core.ApplicationFilterChain.internalDoFilter(ApplicationFilterChain.java:189)
	at org.apache.catalina.core.ApplicationFilterChain.doFilter(ApplicationFilterChain.java:162)
	at org.springframework.web.filter.CharacterEncodingFilter.doFilterInternal(CharacterEncodingFilter.java:201)
	at org.springframework.web.filter.OncePerRequestFilter.doFilter(OncePerRequestFilter.java:117)
	at org.apache.catalina.core.ApplicationFilterChain.internalDoFilter(ApplicationFilterChain.java:189)
	at org.apache.catalina.core.ApplicationFilterChain.doFilter(ApplicationFilterChain.java:162)
	at org.apache.catalina.core.StandardWrapperValve.invoke(StandardWrapperValve.java:197)
	at org.apache.catalina.core.StandardContextValve.invoke(StandardContextValve.java:97)
	at org.apache.catalina.authenticator.AuthenticatorBase.invoke(AuthenticatorBase.java:541)
	at org.apache.catalina.core.StandardHostValve.invoke(StandardHostValve.java:135)
	at org.apache.catalina.valves.ErrorReportValve.invoke(ErrorReportValve.java:92)
	at org.apache.catalina.core.StandardEngineValve.invoke(StandardEngineValve.java:78)
	at org.apache.catalina.connector.CoyoteAdapter.service(CoyoteAdapter.java:360)
	at org.apache.coyote.http11.Http11Processor.service(Http11Processor.java:399)
	at org.apache.coyote.AbstractProcessorLight.process(AbstractProcessorLight.java:65)
	at org.apache.coyote.AbstractProtocol$ConnectionHandler.process(AbstractProtocol.java:890)
	at org.apache.tomcat.util.net.NioEndpoint$SocketProcessor.doRun(NioEndpoint.java:1743)
	at org.apache.tomcat.util.net.SocketProcessorBase.run(SocketProcessorBase.java:49)
	at org.apache.tomcat.util.threads.ThreadPoolExecutor.runWorker(ThreadPoolExecutor.java:1191)
	at org.apache.tomcat.util.threads.ThreadPoolExecutor$Worker.run(ThreadPoolExecutor.java:659)
	at org.apache.tomcat.util.threads.TaskThread$WrappingRunnable.run(TaskThread.java:61)
	at java.base/java.lang.Thread.run(Thread.java:833)
2022-06-10 15:35:17,463 INFO  StartupInfoLogger:55 - [] Starting ShedApplication using Java 18.0.1.1 on PQA-0638LT with PID 6744 (C:\Users\WilliamMazerolle\Documents\GitHub\shed\toolshed-services\build\classes\java\main started by WilliamMazerolle in C:\Users\WilliamMazerolle\Documents\GitHub\shed\toolshed-services)
2022-06-10 15:35:17,466 INFO  SpringApplication:634 - [] No active profile set, falling back to 1 default profile: "default"
2022-06-10 15:35:17,510 INFO  DeferredLog:255 - [] Devtools property defaults active! Set 'spring.devtools.add-properties' to 'false' to disable
2022-06-10 15:35:17,510 INFO  DeferredLog:255 - [] For additional web related logging consider setting the 'logging.level.web' property to 'DEBUG'
2022-06-10 15:35:18,918 INFO  TomcatWebServer:108 - [] Tomcat initialized with port(s): 3001 (http)
2022-06-10 15:35:18,932 INFO  DirectJDKLog:173 - [] Initializing ProtocolHandler ["http-nio-3001"]
2022-06-10 15:35:18,933 INFO  DirectJDKLog:173 - [] Starting service [Tomcat]
2022-06-10 15:35:18,933 INFO  DirectJDKLog:173 - [] Starting Servlet engine: [Apache Tomcat/9.0.63]
2022-06-10 15:35:19,052 INFO  DirectJDKLog:173 - [] Initializing Spring embedded WebApplicationContext
2022-06-10 15:35:19,052 INFO  ServletWebServerApplicationContext:292 - [] Root WebApplicationContext: initialization completed in 1541 ms
2022-06-10 15:35:19,945 WARN  UserDetailsServiceAutoConfiguration:88 - [] 

Using generated security password: 92313c8f-1667-4861-bd0d-05ed140bca0c

This generated password is for development use only. Your security configuration must be updated before running your application in production.

2022-06-10 15:35:20,074 INFO  DefaultSecurityFilterChain:55 - [] Will secure any request with [org.springframework.security.web.session.DisableEncodeUrlFilter@27f05b74, org.springframework.security.web.context.request.async.WebAsyncManagerIntegrationFilter@7558999, org.springframework.security.web.context.SecurityContextPersistenceFilter@49d8b331, org.springframework.security.web.header.HeaderWriterFilter@5ddeb969, org.springframework.web.filter.CorsFilter@22558d20, org.springframework.security.web.authentication.logout.LogoutFilter@5c789804, org.springframework.security.web.savedrequest.RequestCacheAwareFilter@7b479d27, org.springframework.security.web.servletapi.SecurityContextHolderAwareRequestFilter@112f57ff, org.springframework.security.web.authentication.AnonymousAuthenticationFilter@4ad07895, org.springframework.security.web.session.SessionManagementFilter@5cbdaa75, org.springframework.security.web.access.ExceptionTranslationFilter@4d1d97e1, org.springframework.security.web.access.intercept.FilterSecurityInterceptor@6fcd1c82]
2022-06-10 15:35:20,280 INFO  OptionalLiveReloadServer:58 - [] LiveReload server is running on port 35729
2022-06-10 15:35:20,655 INFO  SLF4JLogger:71 - [] Cluster created with settings {hosts=[localhost:27017], mode=SINGLE, requiredClusterType=UNKNOWN, serverSelectionTimeout='30000 ms', maxWaitQueueSize=500}
2022-06-10 15:35:20,715 INFO  SLF4JLogger:76 - [] Exception in monitor thread while connecting to server localhost:27017
com.mongodb.MongoSocketOpenException: Exception opening socket
	at com.mongodb.internal.connection.SocketStream.open(SocketStream.java:70)
	at com.mongodb.internal.connection.InternalStreamConnection.open(InternalStreamConnection.java:128)
	at com.mongodb.internal.connection.DefaultServerMonitor$ServerMonitorRunnable.run(DefaultServerMonitor.java:117)
	at java.base/java.lang.Thread.run(Thread.java:833)
Caused by: java.net.ConnectException: Connection refused: no further information
	at java.base/sun.nio.ch.Net.pollConnect(Native Method)
	at java.base/sun.nio.ch.Net.pollConnectNow(Net.java:672)
	at java.base/sun.nio.ch.NioSocketImpl.timedFinishConnect(NioSocketImpl.java:539)
	at java.base/sun.nio.ch.NioSocketImpl.connect(NioSocketImpl.java:594)
	at java.base/java.net.SocksSocketImpl.connect(SocksSocketImpl.java:327)
	at java.base/java.net.Socket.connect(Socket.java:633)
	at com.mongodb.internal.connection.SocketStreamHelper.initialize(SocketStreamHelper.java:64)
	at com.mongodb.internal.connection.SocketStream.initializeSocket(SocketStream.java:79)
	at com.mongodb.internal.connection.SocketStream.open(SocketStream.java:65)
	... 3 common frames omitted
2022-06-10 15:35:20,777 INFO  DirectJDKLog:173 - [] Starting ProtocolHandler ["http-nio-3001"]
2022-06-10 15:35:20,798 INFO  TomcatWebServer:220 - [] Tomcat started on port(s): 3001 (http) with context path ''
2022-06-10 15:35:21,260 INFO  StartupInfoLogger:61 - [] Started ShedApplication in 4.111 seconds (JVM running for 4.732)
